2026-05-18 17:35:51 [DETECT] INFO : Worker YOLO démarré — en attente de frames...
2026-05-18 17:35:54 [CAM] INFO : Cam 8 → connexion rtsp://admin:Machines-outils2026@172.16.4.124:554/h264Preview_01_main
2026-05-18 17:35:54 [CAM] INFO : Thread démarré pour caméra 8
2026-05-18 17:35:54 [DETECT] INFO : Détecteur démarré cam=8 machines={1: 1, 2: 2}
2026-05-18 17:35:54 [CAM] INFO : Cam 8 → connectée
2026-05-18 17:35:55 [CAM] INFO : Cam 9 → connexion rtsp://admin:Machines-outils2026@172.16.4.20:554/h264Preview_01_main
2026-05-18 17:35:55 [CAM] INFO : Thread démarré pour caméra 9
2026-05-18 17:35:55 [CAM] INFO : Cam 9 → connectée
2026-05-18 17:35:56 [DETECT] INFO : Modèle YOLO chargé et prêt sur CPU : /home/sam/Documents/My_Project/serveur_flask_v1.22/serveur_flask_v1.21/v1.20/v1.18/modele/colonne_lumineuse.pt
2026-05-18 17:36:02 [DETECT] DEBUG : Luminosités → rouge:1926 orange:304 vert:86
2026-05-18 17:36:02 [DETECT] DEBUG : Luminosités → rouge:17 orange:22 vert:2953
2026-05-18 17:36:02 [DETECT] DEBUG : Luminosités → rouge:1922 orange:303 vert:88
2026-05-18 17:36:02 [DETECT] DEBUG : Luminosités → rouge:1922 orange:303 vert:88
2026-05-18 17:36:02 [DETECT] DEBUG : Luminosités → rouge:17 orange:21 vert:2900
2026-05-18 17:36:03 [DETECT] DEBUG : Luminosités → rouge:1922 orange:303 vert:88
2026-05-18 17:36:03 [DETECT] DEBUG : Luminosités → rouge:1922 orange:303 vert:88
2026-05-18 17:36:03 [DETECT] DEBUG : Luminosités → rouge:17 orange:21 vert:2900
2026-05-18 17:36:04 [DETECT] DEBUG : Luminosités → rouge:150 orange:44 vert:1517
2026-05-18 17:36:04 [DETECT] DEBUG : Luminosités → rouge:1425 orange:335 vert:104
2026-05-18 17:36:04 [DETECT] DEBUG : Luminosités → rouge:1922 orange:303 vert:88
2026-05-18 17:36:04 [DETECT] DEBUG : Luminosités → rouge:1920 orange:303 vert:88
2026-05-18 17:36:04 [DETECT] DEBUG : Luminosités → rouge:17 orange:22 vert:2900
2026-05-18 17:36:05 [DETECT] DEBUG : Luminosités → rouge:149 orange:44 vert:1517
2026-05-18 17:36:05 [DETECT] DEBUG : Luminosités → rouge:1425 orange:335 vert:104
2026-05-18 17:36:05 [DETECT] DEBUG : Luminosités → rouge:1922 orange:303 vert:88
2026-05-18 17:36:05 [DETECT] INFO : Cam 8 → machine 1 = RED (id=1)
2026-05-18 17:36:06 [DETECT] DEBUG : Luminosités → rouge:1920 orange:303 vert:88
2026-05-18 17:36:06 [DETECT] DEBUG : Luminosités → rouge:17 orange:22 vert:2900
2026-05-18 17:36:06 [DETECT] DEBUG : Luminosités → rouge:154 orange:45 vert:1641
2026-05-18 17:36:06 [DETECT] DEBUG : Luminosités → rouge:1451 orange:345 vert:1622
2026-05-18 17:36:06 [DETECT] DEBUG : Luminosités → rouge:1922 orange:303 vert:88
2026-05-18 17:36:07 [DETECT] DEBUG : Luminosités → rouge:48 orange:29 vert:2982
2026-05-18 17:36:07 [DETECT] DEBUG : Luminosités → rouge:18 orange:14 vert:2987
2026-05-18 17:36:07 [DETECT] DEBUG : Luminosités → rouge:144 orange:49 vert:1605
2026-05-18 17:36:07 [DETECT] DEBUG : Luminosités → rouge:136 orange:66 vert:1627
2026-05-18 17:36:08 [DETECT] DEBUG : Luminosités → rouge:1922 orange:303 vert:88
2026-05-18 17:36:08 [DETECT] DEBUG : Luminosités → rouge:59 orange:2694 vert:411
2026-05-18 17:36:08 [DETECT] DEBUG : Luminosités → rouge:17 orange:461 vert:2916
2026-05-18 17:36:08 [DETECT] DEBUG : Luminosités → rouge:152 orange:152 vert:1526
2026-05-18 17:36:08 [DETECT] DEBUG : Luminosités → rouge:136 orange:1347 vert:415
2026-05-18 17:36:09 [DETECT] DEBUG : Luminosités → rouge:1922 orange:303 vert:88
2026-05-18 17:36:09 [DETECT] DEBUG : Luminosités → rouge:59 orange:2694 vert:419
2026-05-18 17:36:09 [DETECT] DEBUG : Luminosités → rouge:17 orange:451 vert:2915
2026-05-18 17:36:09 [DETECT] DEBUG : Luminosités → rouge:152 orange:152 vert:1526
2026-05-18 17:36:09 [DETECT] DEBUG : Luminosités → rouge:136 orange:1348 vert:415
2026-05-18 17:36:10 [DETECT] DEBUG : Luminosités → rouge:1922 orange:303 vert:88
2026-05-18 17:36:10 [DETECT] DEBUG : Luminosités → rouge:53 orange:2545 vert:506
2026-05-18 17:36:10 [DETECT] DEBUG : Luminosités → rouge:20 orange:429 vert:2807
2026-05-18 17:36:11 [DETECT] DEBUG : Luminosités → rouge:152 orange:152 vert:1526
2026-05-18 17:36:11 [DETECT] DEBUG : Luminosités → rouge:136 orange:1348 vert:415
2026-05-18 17:36:11 [DETECT] DEBUG : Luminosités → rouge:1922 orange:303 vert:88
2026-05-18 17:36:11 [DETECT] DEBUG : Luminosités → rouge:80 orange:2596 vert:519
2026-05-18 17:36:11 [DETECT] DEBUG : Luminosités → rouge:20 orange:428 vert:2858
2026-05-18 17:36:12 [DETECT] DEBUG : Luminosités → rouge:151 orange:171 vert:1610
2026-05-18 17:36:12 [DETECT] DEBUG : Luminosités → rouge:130 orange:1348 vert:414
2026-05-18 17:36:12 [DETECT] DEBUG : Luminosités → rouge:1922 orange:303 vert:88
2026-05-18 17:36:13 [DETECT] DEBUG : Luminosités → rouge:60 orange:2546 vert:505
2026-05-18 17:36:13 [DETECT] DEBUG : Luminosités → rouge:20 orange:428 vert:2858
2026-05-18 17:36:13 [DETECT] DEBUG : Luminosités → rouge:151 orange:171 vert:1610
2026-05-18 17:36:13 [DETECT] DEBUG : Luminosités → rouge:130 orange:1348 vert:414
2026-05-18 17:36:13 [DETECT] DEBUG : Luminosités → rouge:1922 orange:303 vert:88
2026-05-18 17:36:14 [DETECT] DEBUG : Luminosités → rouge:60 orange:2546 vert:504
2026-05-18 17:36:14 [DETECT] DEBUG : Luminosités → rouge:20 orange:429 vert:2858
2026-05-18 17:36:14 [DETECT] DEBUG : Luminosités → rouge:150 orange:135 vert:1564
2026-05-18 17:36:14 [DETECT] DEBUG : Luminosités → rouge:130 orange:1348 vert:415
2026-05-18 17:36:15 [DETECT] DEBUG : Luminosités → rouge:1922 orange:303 vert:88
2026-05-18 17:36:15 [DETECT] DEBUG : Luminosités → rouge:62 orange:2692 vert:405
2026-05-18 17:36:15 [DETECT] DEBUG : Luminosités → rouge:15 orange:422 vert:2841
2026-05-18 17:36:15 [DETECT] DEBUG : Luminosités → rouge:150 orange:125 vert:1526
2026-05-18 17:36:15 [DETECT] DEBUG : Luminosités → rouge:124 orange:1348 vert:412
2026-05-18 17:36:16 [DETECT] DEBUG : Luminosités → rouge:1922 orange:303 vert:88
2026-05-18 17:36:16 [DETECT] DEBUG : Luminosités → rouge:62 orange:2693 vert:405
2026-05-18 17:36:16 [DETECT] DEBUG : Luminosités → rouge:15 orange:423 vert:2841
2026-05-18 17:36:17 [DETECT] DEBUG : Luminosités → rouge:137 orange:160 vert:1566
2026-05-18 17:36:17 [DETECT] DEBUG : Luminosités → rouge:126 orange:1344 vert:460
2026-05-18 17:36:17 [DETECT] DEBUG : Luminosités → rouge:1920 orange:303 vert:88
2026-05-18 17:36:17 [CAM_CTRL] INFO : LED cam 8 → Off (ok=True)
2026-05-18 17:36:17 [DETECT] DEBUG : Luminosités → rouge:63 orange:2693 vert:407
2026-05-18 17:36:17 [DETECT] DEBUG : Luminosités → rouge:15 orange:423 vert:2841
2026-05-18 17:36:18 [CAM_CTRL] INFO : LED cam 8 → On (ok=True)
2026-05-18 17:36:18 [DETECT] DEBUG : Luminosités → rouge:137 orange:160 vert:1566
2026-05-18 17:36:18 [DETECT] DEBUG : Luminosités → rouge:126 orange:1344 vert:460
2026-05-18 17:36:18 [DETECT] DEBUG : Luminosités → rouge:1920 orange:303 vert:88
2026-05-18 17:36:19 [DETECT] DEBUG : Luminosités → rouge:32 orange:2645 vert:400
2026-05-18 17:36:19 [DETECT] DEBUG : Luminosités → rouge:13 orange:430 vert:2889
2026-05-18 17:36:19 [DETECT] DEBUG : Luminosités → rouge:137 orange:160 vert:1566
2026-05-18 17:36:19 [DETECT] DEBUG : Luminosités → rouge:126 orange:1344 vert:459
2026-05-18 17:36:19 [DETECT] DEBUG : Luminosités → rouge:1920 orange:303 vert:88
2026-05-18 17:36:20 [DETECT] DEBUG : Luminosités → rouge:139 orange:2591 vert:551
2026-05-18 17:36:20 [DETECT] DEBUG : Luminosités → rouge:127 orange:571 vert:2913
2026-05-18 17:36:20 [DETECT] DEBUG : Luminosités → rouge:271 orange:567 vert:1654
2026-05-18 17:36:20 [DETECT] DEBUG : Luminosités → rouge:218 orange:1437 vert:408
2026-05-18 17:36:21 [DETECT] DEBUG : Luminosités → rouge:1920 orange:303 vert:88
2026-05-18 17:36:21 [DETECT] DEBUG : Luminosités → rouge:139 orange:2591 vert:548
2026-05-18 17:36:21 [DETECT] DEBUG : Luminosités → rouge:123 orange:556 vert:2913
2026-05-18 17:36:21 [DETECT] DEBUG : Luminosités → rouge:269 orange:567 vert:1617
2026-05-18 17:36:21 [DETECT] DEBUG : Luminosités → rouge:217 orange:1400 vert:436
2026-05-18 17:36:22 [DETECT] DEBUG : Luminosités → rouge:1920 orange:303 vert:88
2026-05-18 17:36:22 [DETECT] DEBUG : Luminosités → rouge:137 orange:2591 vert:547
2026-05-18 17:36:22 [DETECT] DEBUG : Luminosités → rouge:123 orange:556 vert:2913
2026-05-18 17:36:23 [DETECT] DEBUG : Luminosités → rouge:269 orange:567 vert:1654
2026-05-18 17:36:23 [DETECT] DEBUG : Luminosités → rouge:217 orange:1400 vert:436
2026-05-18 17:36:23 [DETECT] DEBUG : Luminosités → rouge:1920 orange:303 vert:88
2026-05-18 17:36:23 [DETECT] DEBUG : Luminosités → rouge:143 orange:2499 vert:645
2026-05-18 17:36:23 [DETECT] DEBUG : Luminosités → rouge:94 orange:505 vert:2961
2026-05-18 17:36:24 [DETECT] DEBUG : Luminosités → rouge:269 orange:551 vert:1654
2026-05-18 17:36:24 [DETECT] DEBUG : Luminosités → rouge:217 orange:1437 vert:405
2026-05-18 17:36:24 [DETECT] DEBUG : Luminosités → rouge:1920 orange:303 vert:88
2026-05-18 17:36:24 [DETECT] DEBUG : Luminosités → rouge:143 orange:2499 vert:645
2026-05-18 17:36:24 [DETECT] DEBUG : Luminosités → rouge:92 orange:502 vert:2913
2026-05-18 17:36:25 [DETECT] DEBUG : Luminosités → rouge:255 orange:534 vert:1606
2026-05-18 17:36:25 [DETECT] DEBUG : Luminosités → rouge:219 orange:1398 vert:391
2026-05-18 17:36:25 [DETECT] DEBUG : Luminosités → rouge:1920 orange:303 vert:88
2026-05-18 17:36:26 [DETECT] DEBUG : Luminosités → rouge:132 orange:2451 vert:628
2026-05-18 17:36:26 [DETECT] DEBUG : Luminosités → rouge:96 orange:484 vert:2837
2026-05-18 17:36:26 [DETECT] DEBUG : Luminosités → rouge:254 orange:474 vert:1562
2026-05-18 17:36:26 [DETECT] DEBUG : Luminosités → rouge:219 orange:1399 vert:393
2026-05-18 17:36:26 [DETECT] DEBUG : Luminosités → rouge:1920 orange:303 vert:88
2026-05-18 17:36:27 [DETECT] DEBUG : Luminosités → rouge:138 orange:2532 vert:585
2026-05-18 17:36:27 [DETECT] DEBUG : Luminosités → rouge:126 orange:506 vert:2861
2026-05-18 17:36:27 [DETECT] DEBUG : Luminosités → rouge:250 orange:474 vert:1549
2026-05-18 17:36:27 [DETECT] DEBUG : Luminosités → rouge:224 orange:1438 vert:434
2026-05-18 17:36:28 [DETECT] DEBUG : Luminosités → rouge:1920 orange:303 vert:88
2026-05-18 17:36:28 [DETECT] DEBUG : Luminosités → rouge:153 orange:2599 vert:600
2026-05-18 17:36:28 [DETECT] DEBUG : Luminosités → rouge:149 orange:499 vert:321
2026-05-18 17:36:28 [DETECT] DEBUG : Luminosités → rouge:260 orange:510 vert:242
2026-05-18 17:36:28 [DETECT] DEBUG : Luminosités → rouge:243 orange:1511 vert:434
2026-05-18 17:36:29 [DETECT] DEBUG : Luminosités → rouge:1920 orange:303 vert:88
2026-05-18 17:36:29 [DETECT] DEBUG : Luminosités → rouge:218 orange:2549 vert:663
2026-05-18 17:36:29 [DETECT] DEBUG : Luminosités → rouge:284 orange:902 vert:372
2026-05-18 17:36:29 [DETECT] DEBUG : Luminosités → rouge:1561 orange:920 vert:259
2026-05-18 17:36:29 [DETECT] DEBUG : Luminosités → rouge:256 orange:1490 vert:437
2026-05-18 17:36:30 [DETECT] DEBUG : Luminosités → rouge:1920 orange:303 vert:88
2026-05-18 17:36:30 [DETECT] DEBUG : Luminosités → rouge:237 orange:2720 vert:592
2026-05-18 17:36:30 [DETECT] DEBUG : Luminosités → rouge:2518 orange:1247 vert:381
2026-05-18 17:36:30 [DETECT] DEBUG : Luminosités → rouge:1542 orange:989 vert:268
2026-05-18 17:36:30 [DETECT] DEBUG : Luminosités → rouge:259 orange:1531 vert:365
2026-05-18 17:36:31 [DETECT] DEBUG : Luminosités → rouge:1920 orange:303 vert:88
2026-05-18 17:36:31 [DETECT] DEBUG : Luminosités → rouge:223 orange:2565 vert:621
2026-05-18 17:36:31 [DETECT] DEBUG : Luminosités → rouge:2576 orange:1274 vert:350
2026-05-18 17:36:32 [DETECT] DEBUG : Luminosités → rouge:1542 orange:998 vert:268
2026-05-18 17:36:32 [DETECT] DEBUG : Luminosités → rouge:259 orange:1531 vert:399
2026-05-18 17:36:32 [DETECT] DEBUG : Luminosités → rouge:1920 orange:303 vert:88
2026-05-18 17:36:32 [DETECT] DEBUG : Luminosités → rouge:223 orange:2565 vert:617
2026-05-18 17:36:32 [DETECT] DEBUG : Luminosités → rouge:2522 orange:1262 vert:340
2026-05-18 17:36:33 [DETECT] DEBUG : Luminosités → rouge:1511 orange:983 vert:261
2026-05-18 17:36:33 [DETECT] DEBUG : Luminosités → rouge:258 orange:1529 vert:361
2026-05-18 17:36:33 [DETECT] DEBUG : Luminosités → rouge:1920 orange:303 vert:88
2026-05-18 17:36:34 [DETECT] DEBUG : Luminosités → rouge:223 orange:2565 vert:617
2026-05-18 17:36:34 [DETECT] DEBUG : Luminosités → rouge:2523 orange:1262 vert:340
2026-05-18 17:36:34 [DETECT] DEBUG : Luminosités → rouge:1511 orange:983 vert:262
2026-05-18 17:36:34 [DETECT] DEBUG : Luminosités → rouge:259 orange:1568 vert:366
2026-05-18 17:36:34 [DETECT] DEBUG : Luminosités → rouge:1920 orange:303 vert:88
2026-05-18 17:36:35 [DETECT] DEBUG : Luminosités → rouge:230 orange:2630 vert:643
2026-05-18 17:36:35 [DETECT] DEBUG : Luminosités → rouge:2471 orange:1275 vert:380
2026-05-18 17:36:35 [DETECT] DEBUG : Luminosités → rouge:1511 orange:982 vert:261
2026-05-18 17:36:35 [DETECT] DEBUG : Luminosités → rouge:258 orange:1528 vert:361
2026-05-18 17:36:35 [DETECT] DEBUG : Luminosités → rouge:1920 orange:303 vert:88
2026-05-18 17:36:36 [DETECT] DEBUG : Luminosités → rouge:230 orange:2630 vert:642
2026-05-18 17:36:36 [DETECT] DEBUG : Luminosités → rouge:2524 orange:1286 vert:386
2026-05-18 17:36:36 [DETECT] DEBUG : Luminosités → rouge:1544 orange:1016 vert:281
2026-05-18 17:36:36 [DETECT] DEBUG : Luminosités → rouge:259 orange:1489 vert:400
2026-05-18 17:36:37 [DETECT] DEBUG : Luminosités → rouge:2625 orange:453 vert:3394
2026-05-18 17:36:37 [DETECT] DEBUG : Luminosités → rouge:230 orange:2630 vert:643
2026-05-18 17:36:37 [DETECT] DEBUG : Luminosités → rouge:2524 orange:1286 vert:386
2026-05-18 17:36:37 [DETECT] DEBUG : Luminosités → rouge:1544 orange:1016 vert:281
2026-05-18 17:36:37 [DETECT] DEBUG : Luminosités → rouge:259 orange:1489 vert:400
2026-05-18 17:36:38 [DETECT] DEBUG : Luminosités → rouge:2626 orange:453 vert:3394
2026-05-18 17:36:38 [DETECT] DEBUG : Luminosités → rouge:230 orange:2630 vert:642
2026-05-18 17:36:38 [DETECT] DEBUG : Luminosités → rouge:2524 orange:1286 vert:386
2026-05-18 17:36:38 [DETECT] DEBUG : Luminosités → rouge:1544 orange:1016 vert:281
2026-05-18 17:36:38 [DETECT] DEBUG : Luminosités → rouge:259 orange:1489 vert:400
2026-05-18 17:36:39 [DETECT] DEBUG : Luminosités → rouge:2624 orange:453 vert:3398
2026-05-18 17:36:39 [DETECT] DEBUG : Luminosités → rouge:234 orange:2682 vert:591
2026-05-18 17:36:39 [DETECT] DEBUG : Luminosités → rouge:2564 orange:1274 vert:353
2026-05-18 17:36:40 [DETECT] DEBUG : Luminosités → rouge:1544 orange:1016 vert:280
2026-05-18 17:36:40 [DETECT] DEBUG : Luminosités → rouge:259 orange:1489 vert:400
2026-05-18 17:36:40 [DETECT] DEBUG : Luminosités → rouge:119 orange:128 vert:3269
2026-05-18 17:36:40 [DETECT] DEBUG : Luminosités → rouge:234 orange:2682 vert:591
2026-05-18 17:36:40 [DETECT] DEBUG : Luminosités → rouge:2564 orange:1275 vert:352
2026-05-18 17:36:41 [DETECT] DEBUG : Luminosités → rouge:1523 orange:991 vert:276
2026-05-18 17:36:41 [DETECT] DEBUG : Luminosités → rouge:258 orange:1528 vert:362
2026-05-18 17:36:41 [DETECT] DEBUG : Luminosités → rouge:119 orange:118 vert:3280
2026-05-18 17:36:42 [DETECT] DEBUG : Luminosités → rouge:234 orange:2682 vert:590
2026-05-18 17:36:42 [DETECT] DEBUG : Luminosités → rouge:2564 orange:1275 vert:352
2026-05-18 17:36:42 [DETECT] DEBUG : Luminosités → rouge:1523 orange:991 vert:276
2026-05-18 17:36:42 [DETECT] DEBUG : Luminosités → rouge:258 orange:1528 vert:362
2026-05-18 17:36:42 [DETECT] DEBUG : Luminosités → rouge:119 orange:2915 vert:3025
2026-05-18 17:36:43 [DETECT] DEBUG : Luminosités → rouge:240 orange:2606 vert:635
2026-05-18 17:36:43 [DETECT] DEBUG : Luminosités → rouge:2572 orange:1281 vert:346
2026-05-18 17:36:43 [DETECT] DEBUG : Luminosités → rouge:1484 orange:939 vert:268
2026-05-18 17:36:43 [DETECT] DEBUG : Luminosités → rouge:258 orange:1528 vert:362
2026-05-18 17:36:43 [DETECT] DEBUG : Luminosités → rouge:120 orange:3259 vert:349
2026-05-18 17:36:44 [DETECT] DEBUG : Luminosités → rouge:233 orange:2556 vert:621
2026-05-18 17:36:44 [DETECT] DEBUG : Luminosités → rouge:2519 orange:1269 vert:341
2026-05-18 17:36:44 [DETECT] DEBUG : Luminosités → rouge:1503 orange:941 vert:265
2026-05-18 17:36:44 [DETECT] DEBUG : Luminosités → rouge:257 orange:1410 vert:465
2026-05-18 17:36:45 [DETECT] DEBUG : Luminosités → rouge:120 orange:3259 vert:346
2026-05-18 17:36:45 [DETECT] DEBUG : Luminosités → rouge:240 orange:2606 vert:635
2026-05-18 17:36:45 [DETECT] DEBUG : Luminosités → rouge:2573 orange:1279 vert:348
2026-05-18 17:36:45 [DETECT] DEBUG : Luminosités → rouge:1503 orange:938 vert:267
2026-05-18 17:36:45 [DETECT] DEBUG : Luminosités → rouge:257 orange:1410 vert:465
2026-05-18 17:36:46 [DETECT] DEBUG : Luminosités → rouge:141 orange:3216 vert:343
2026-05-18 17:36:46 [DETECT] DEBUG : Luminosités → rouge:240 orange:2606 vert:635
2026-05-18 17:36:46 [DETECT] DEBUG : Luminosités → rouge:2519 orange:1269 vert:340
2026-05-18 17:36:46 [DETECT] DEBUG : Luminosités → rouge:1503 orange:938 vert:267
2026-05-18 17:36:46 [DETECT] DEBUG : Luminosités → rouge:257 orange:1410 vert:465
2026-05-18 17:36:47 [DETECT] DEBUG : Luminosités → rouge:141 orange:3216 vert:343
2026-05-18 17:36:47 [DETECT] INFO : Cam 8 → machine 1 = ORANGE (id=2)
2026-05-18 17:36:47 [DETECT] DEBUG : Luminosités → rouge:230 orange:2605 vert:632
2026-05-18 17:36:47 [DETECT] DEBUG : Luminosités → rouge:2508 orange:1271 vert:338
2026-05-18 17:36:48 [DETECT] DEBUG : Luminosités → rouge:1503 orange:937 vert:265
2026-05-18 17:36:48 [DETECT] DEBUG : Luminosités → rouge:257 orange:1409 vert:464
2026-05-18 17:36:48 [DETECT] DEBUG : Luminosités → rouge:141 orange:3215 vert:341
2026-05-18 17:36:48 [DETECT] DEBUG : Luminosités → rouge:230 orange:2604 vert:631
2026-05-18 17:36:48 [DETECT] DEBUG : Luminosités → rouge:2508 orange:1271 vert:396
2026-05-18 17:36:49 [DETECT] DEBUG : Luminosités → rouge:1510 orange:942 vert:262
2026-05-18 17:36:49 [DETECT] DEBUG : Luminosités → rouge:257 orange:1527 vert:362
2026-05-18 17:36:49 [DETECT] DEBUG : Luminosités → rouge:121 orange:3264 vert:328
2026-05-18 17:36:50 [DETECT] DEBUG : Luminosités → rouge:230 orange:2604 vert:631
2026-05-18 17:36:50 [DETECT] DEBUG : Luminosités → rouge:2508 orange:1272 vert:339
2026-05-18 17:36:50 [DETECT] DEBUG : Luminosités → rouge:1510 orange:942 vert:262
2026-05-18 17:36:50 [DETECT] DEBUG : Luminosités → rouge:257 orange:1527 vert:362
2026-05-18 17:36:50 [DETECT] DEBUG : Luminosités → rouge:121 orange:3263 vert:306
2026-05-18 17:36:51 [DETECT] DEBUG : Luminosités → rouge:223 orange:2577 vert:626
2026-05-18 17:36:51 [DETECT] DEBUG : Luminosités → rouge:2511 orange:1267 vert:344
2026-05-18 17:36:51 [DETECT] DEBUG : Luminosités → rouge:1510 orange:942 vert:262
2026-05-18 17:36:51 [DETECT] DEBUG : Luminosités → rouge:257 orange:1527 vert:362
2026-05-18 17:36:51 [DETECT] DEBUG : Luminosités → rouge:121 orange:3264 vert:328
2026-05-18 17:36:52 [DETECT] DEBUG : Luminosités → rouge:223 orange:2577 vert:626
2026-05-18 17:36:52 [DETECT] DEBUG : Luminosités → rouge:2511 orange:1262 vert:344
2026-05-18 17:36:52 [DETECT] DEBUG : Luminosités → rouge:1514 orange:960 vert:264
2026-05-18 17:36:52 [DETECT] DEBUG : Luminosités → rouge:258 orange:1524 vert:361
2026-05-18 17:36:53 [DETECT] DEBUG : Luminosités → rouge:121 orange:3264 vert:327
2026-05-18 17:36:53 [DETECT] DEBUG : Luminosités → rouge:223 orange:2577 vert:626
2026-05-18 17:36:53 [DETECT] DEBUG : Luminosités → rouge:2511 orange:1262 vert:344
2026-05-18 17:36:53 [DETECT] DEBUG : Luminosités → rouge:1514 orange:960 vert:264
2026-05-18 17:36:53 [DETECT] DEBUG : Luminosités → rouge:258 orange:1524 vert:361
2026-05-18 17:36:54 [DETECT] DEBUG : Luminosités → rouge:101 orange:3270 vert:299
2026-05-18 17:36:54 [DETECT] DEBUG : Luminosités → rouge:13 orange:393 vert:2804
2026-05-18 17:36:54 [DETECT] DEBUG : Luminosités → rouge:223 orange:2577 vert:626
2026-05-18 17:36:54 [DETECT] DEBUG : Luminosités → rouge:2511 orange:1262 vert:344
2026-05-18 17:36:54 [DETECT] DEBUG : Luminosités → rouge:1514 orange:960 vert:264
2026-05-18 17:36:54 [DETECT] DEBUG : Luminosités → rouge:258 orange:1524 vert:361
2026-05-18 17:36:55 [DETECT] DEBUG : Luminosités → rouge:139 orange:2608 vert:555
2026-05-18 17:36:55 [DETECT] DEBUG : Luminosités → rouge:123 orange:560 vert:2914
2026-05-18 17:36:55 [DETECT] DEBUG : Luminosités → rouge:222 orange:2606 vert:567
2026-05-18 17:36:55 [DETECT] DEBUG : Luminosités → rouge:2561 orange:1264 vert:348
2026-05-18 17:36:56 [DETECT] DEBUG : Luminosités → rouge:1514 orange:960 vert:264
2026-05-18 17:36:56 [DETECT] DEBUG : Luminosités → rouge:258 orange:1524 vert:361
2026-05-18 17:36:56 [DETECT] DEBUG : Luminosités → rouge:137 orange:2591 vert:547
2026-05-18 17:36:56 [DETECT] DEBUG : Luminosités → rouge:123 orange:556 vert:2913
2026-05-18 17:36:56 [DETECT] DEBUG : Luminosités → rouge:222 orange:2606 vert:567
2026-05-18 17:36:56 [DETECT] DEBUG : Luminosités → rouge:2561 orange:1264 vert:348
2026-05-18 17:36:57 [DETECT] DEBUG : Luminosités → rouge:1541 orange:1002 vert:272
2026-05-18 17:36:57 [DETECT] DEBUG : Luminosités → rouge:254 orange:1525 vert:361
2026-05-18 17:36:57 [DETECT] DEBUG : Luminosités → rouge:143 orange:2499 vert:645
2026-05-18 17:36:57 [DETECT] DEBUG : Luminosités → rouge:94 orange:505 vert:2961
2026-05-18 17:36:57 [DETECT] INFO : Cam 8 → machine 2 = GREEN (id=3)
2026-05-18 17:36:58 [DETECT] DEBUG : Luminosités → rouge:222 orange:2606 vert:567
2026-05-18 17:36:58 [DETECT] DEBUG : Luminosités → rouge:2561 orange:1264 vert:348
2026-05-18 17:36:58 [DETECT] DEBUG : Luminosités → rouge:1541 orange:1002 vert:272
2026-05-18 17:36:58 [DETECT] DEBUG : Luminosités → rouge:254 orange:1525 vert:361
2026-05-18 17:36:58 [DETECT] DEBUG : Luminosités → rouge:143 orange:2499 vert:645
2026-05-18 17:36:58 [DETECT] DEBUG : Luminosités → rouge:92 orange:503 vert:2960
2026-05-18 17:36:59 [DETECT] DEBUG : Luminosités → rouge:226 orange:2656 vert:580
2026-05-18 17:36:59 [DETECT] DEBUG : Luminosités → rouge:2513 orange:1251 vert:339
2026-05-18 17:36:59 [DETECT] DEBUG : Luminosités → rouge:1541 orange:1002 vert:272
2026-05-18 17:36:59 [DETECT] DEBUG : Luminosités → rouge:254 orange:1525 vert:361
2026-05-18 17:37:00 [DETECT] DEBUG : Luminosités → rouge:143 orange:2551 vert:596
2026-05-18 17:37:00 [DETECT] DEBUG : Luminosités → rouge:92 orange:504 vert:2861
2026-05-18 17:37:00 [DETECT] DEBUG : Luminosités → rouge:226 orange:2604 vert:626
2026-05-18 17:37:00 [DETECT] DEBUG : Luminosités → rouge:2566 orange:1264 vert:345
2026-05-18 17:37:00 [DETECT] DEBUG : Luminosités → rouge:1546 orange:1007 vert:270
2026-05-18 17:37:00 [DETECT] DEBUG : Luminosités → rouge:257 orange:1524 vert:388
2026-05-18 17:37:01 [DETECT] DEBUG : Luminosités → rouge:197 orange:3315 vert:477
2026-05-18 17:37:01 [DETECT] DEBUG : Luminosités → rouge:129 orange:499 vert:2910
2026-05-18 17:37:01 [DETECT] DEBUG : Luminosités → rouge:226 orange:2604 vert:626
2026-05-18 17:37:01 [DETECT] DEBUG : Luminosités → rouge:2565 orange:1254 vert:344
2026-05-18 17:37:01 [DETECT] DEBUG : Luminosités → rouge:1546 orange:1007 vert:270
2026-05-18 17:37:01 [DETECT] DEBUG : Luminosités → rouge:257 orange:1524 vert:388
2026-05-18 17:37:02 [DETECT] DEBUG : Luminosités → rouge:142 orange:2533 vert:713
2026-05-18 17:37:02 [DETECT] DEBUG : Luminosités → rouge:137 orange:437 vert:273
2026-05-18 17:37:02 [DETECT] DEBUG : Luminosités → rouge:226 orange:2604 vert:626
2026-05-18 17:37:02 [DETECT] DEBUG : Luminosités → rouge:2559 orange:1261 vert:351
2026-05-18 17:37:03 [DETECT] DEBUG : Luminosités → rouge:1546 orange:1007 vert:270
2026-05-18 17:37:03 [DETECT] DEBUG : Luminosités → rouge:257 orange:1524 vert:388
2026-05-18 17:37:03 [DETECT] DEBUG : Luminosités → rouge:203 orange:2544 vert:654
2026-05-18 17:37:03 [DETECT] DEBUG : Luminosités → rouge:217 orange:729 vert:349
2026-05-18 17:37:03 [DETECT] DEBUG : Luminosités → rouge:220 orange:2556 vert:625
2026-05-18 17:37:03 [DETECT] DEBUG : Luminosités → rouge:2573 orange:1269 vert:404
2026-05-18 17:37:04 [DETECT] DEBUG : Luminosités → rouge:1546 orange:1007 vert:270
2026-05-18 17:37:04 [DETECT] DEBUG : Luminosités → rouge:257 orange:1524 vert:361
2026-05-18 17:37:04 [DETECT] DEBUG : Luminosités → rouge:222 orange:2567 vert:607
2026-05-18 17:37:04 [DETECT] DEBUG : Luminosités → rouge:2567 orange:1246 vert:351
2026-05-18 17:37:04 [DETECT] DEBUG : Luminosités → rouge:220 orange:2556 vert:625
2026-05-18 17:37:04 [DETECT] DEBUG : Luminosités → rouge:2567 orange:1269 vert:404
2026-05-18 17:37:05 [DETECT] DEBUG : Luminosités → rouge:1503 orange:934 vert:263
2026-05-18 17:37:05 [DETECT] DEBUG : Luminosités → rouge:255 orange:1486 vert:397
2026-05-18 17:37:05 [DETECT] DEBUG : Luminosités → rouge:223 orange:2565 vert:620
2026-05-18 17:37:05 [DETECT] DEBUG : Luminosités → rouge:2522 orange:1266 vert:342
2026-05-18 17:37:06 [DETECT] DEBUG : Luminosités → rouge:220 orange:2556 vert:625
2026-05-18 17:37:06 [DETECT] DEBUG : Luminosités → rouge:2567 orange:1269 vert:404
2026-05-18 17:37:06 [DETECT] DEBUG : Luminosités → rouge:1503 orange:934 vert:263
2026-05-18 17:37:06 [DETECT] DEBUG : Luminosités → rouge:255 orange:1486 vert:397
2026-05-18 17:37:06 [DETECT] DEBUG : Luminosités → rouge:223 orange:2616 vert:566
2026-05-18 17:37:06 [DETECT] DEBUG : Luminosités → rouge:2576 orange:1275 vert:349
2026-05-18 17:37:07 [DETECT] DEBUG : Luminosités → rouge:230 orange:2679 vert:589
2026-05-18 17:37:07 [DETECT] DEBUG : Luminosités → rouge:2565 orange:1271 vert:345
2026-05-18 17:37:07 [DETECT] DEBUG : Luminosités → rouge:1503 orange:934 vert:263
2026-05-18 17:37:07 [DETECT] DEBUG : Luminosités → rouge:255 orange:1486 vert:397
2026-05-18 17:37:08 [DETECT] DEBUG : Luminosités → rouge:223 orange:2565 vert:617
2026-05-18 17:37:08 [DETECT] DEBUG : Luminosités → rouge:2523 orange:1262 vert:340
2026-05-18 17:37:08 [DETECT] INFO : Cam 8 → machine 2 = RED (id=1)
2026-05-18 17:37:08 [DETECT] DEBUG : Luminosités → rouge:230 orange:2679 vert:589
2026-05-18 17:37:08 [DETECT] DEBUG : Luminosités → rouge:2516 orange:1281 vert:381
2026-05-18 17:37:08 [DETECT] DEBUG : Luminosités → rouge:1505 orange:943 vert:268
2026-05-18 17:37:08 [DETECT] DEBUG : Luminosités → rouge:258 orange:1524 vert:360
2026-05-18 17:37:09 [DETECT] DEBUG : Luminosités → rouge:223 orange:2565 vert:617
2026-05-18 17:37:09 [DETECT] DEBUG : Luminosités → rouge:2523 orange:1263 vert:340
2026-05-18 17:37:09 [DETECT] DEBUG : Luminosités → rouge:230 orange:2679 vert:589
2026-05-18 17:37:09 [DETECT] DEBUG : Luminosités → rouge:2565 orange:1271 vert:345
2026-05-18 17:37:09 [DETECT] DEBUG : Luminosités → rouge:1505 orange:943 vert:268
2026-05-18 17:37:09 [DETECT] DEBUG : Luminosités → rouge:258 orange:1524 vert:360
2026-05-18 17:37:10 [DETECT] DEBUG : Luminosités → rouge:230 orange:2630 vert:642
2026-05-18 17:37:10 [DETECT] DEBUG : Luminosités → rouge:2524 orange:1286 vert:386
2026-05-18 17:37:10 [DETECT] DEBUG : Luminosités → rouge:230 orange:2679 vert:589
2026-05-18 17:37:10 [DETECT] DEBUG : Luminosités → rouge:2565 orange:1271 vert:346
2026-05-18 17:37:11 [DETECT] DEBUG : Luminosités → rouge:1505 orange:943 vert:268
2026-05-18 17:37:11 [DETECT] DEBUG : Luminosités → rouge:258 orange:1524 vert:360
2026-05-18 17:37:11 [DETECT] DEBUG : Luminosités → rouge:230 orange:2630 vert:643
2026-05-18 17:37:11 [DETECT] DEBUG : Luminosités → rouge:2524 orange:1286 vert:386
2026-05-18 17:37:11 [DETECT] DEBUG : Luminosités → rouge:224 orange:2657 vert:581
2026-05-18 17:37:11 [DETECT] DEBUG : Luminosités → rouge:2514 orange:1261 vert:338
2026-05-18 17:37:12 [DETECT] DEBUG : Luminosités → rouge:1505 orange:943 vert:268
2026-05-18 17:37:12 [DETECT] DEBUG : Luminosités → rouge:258 orange:1524 vert:360
2026-05-18 17:37:12 [DETECT] DEBUG : Luminosités → rouge:230 orange:2630 vert:642
2026-05-18 17:37:12 [DETECT] DEBUG : Luminosités → rouge:2524 orange:1286 vert:386
2026-05-18 17:37:12 [DETECT] DEBUG : Luminosités → rouge:223 orange:2656 vert:581
2026-05-18 17:37:12 [DETECT] DEBUG : Luminosités → rouge:2514 orange:1261 vert:338
2026-05-18 17:37:13 [DETECT] DEBUG : Luminosités → rouge:1543 orange:1008 vert:273
2026-05-18 17:37:13 [DETECT] DEBUG : Luminosités → rouge:254 orange:1526 vert:361
2026-05-18 17:37:13 [DETECT] DEBUG : Luminosités → rouge:234 orange:2682 vert:591
2026-05-18 17:37:13 [DETECT] DEBUG : Luminosités → rouge:2564 orange:1276 vert:353
2026-05-18 17:37:14 [DETECT] DEBUG : Luminosités → rouge:223 orange:2604 vert:633
2026-05-18 17:37:14 [DETECT] DEBUG : Luminosités → rouge:2514 orange:1260 vert:338
2026-05-18 17:37:14 [DETECT] DEBUG : Luminosités → rouge:1543 orange:1008 vert:274
2026-05-18 17:37:14 [DETECT] DEBUG : Luminosités → rouge:254 orange:1526 vert:361
2026-05-18 17:37:14 [DETECT] DEBUG : Luminosités → rouge:234 orange:2682 vert:591
2026-05-18 17:37:14 [DETECT] DEBUG : Luminosités → rouge:2570 orange:1269 vert:349
2026-05-18 17:37:15 [DETECT] DEBUG : Luminosités → rouge:234 orange:2605 vert:636
2026-05-18 17:37:15 [DETECT] DEBUG : Luminosités → rouge:2524 orange:1268 vert:343
2026-05-18 17:37:15 [DETECT] DEBUG : Luminosités → rouge:1543 orange:1008 vert:274
2026-05-18 17:37:15 [DETECT] DEBUG : Luminosités → rouge:254 orange:1526 vert:361
2026-05-18 17:37:16 [DETECT] DEBUG : Luminosités → rouge:234 orange:2682 vert:591
2026-05-18 17:37:16 [DETECT] DEBUG : Luminosités → rouge:2564 orange:1275 vert:352
2026-05-18 17:37:16 [DETECT] DEBUG : Luminosités → rouge:227 orange:2556 vert:622
2026-05-18 17:37:16 [DETECT] DEBUG : Luminosités → rouge:2578 orange:1278 vert:349
2026-05-18 17:37:16 [DETECT] DEBUG : Luminosités → rouge:1519 orange:998 vert:272
2026-05-18 17:37:16 [DETECT] DEBUG : Luminosités → rouge:258 orange:1526 vert:360
2026-05-18 17:37:17 [DETECT] DEBUG : Luminosités → rouge:234 orange:2682 vert:590
2026-05-18 17:37:17 [DETECT] DEBUG : Luminosités → rouge:2564 orange:1275 vert:352
2026-05-18 17:37:17 [DETECT] DEBUG : Luminosités → rouge:227 orange:2556 vert:620
2026-05-18 17:37:17 [DETECT] DEBUG : Luminosités → rouge:2578 orange:1277 vert:349
2026-05-18 17:37:17 [DETECT] DEBUG : Luminosités → rouge:1519 orange:998 vert:272
2026-05-18 17:37:17 [DETECT] DEBUG : Luminosités → rouge:258 orange:1526 vert:360
2026-05-18 17:37:18 [DETECT] DEBUG : Luminosités → rouge:240 orange:2606 vert:635
2026-05-18 17:37:18 [DETECT] DEBUG : Luminosités → rouge:2519 orange:1270 vert:341
2026-05-18 17:37:18 [DETECT] DEBUG : Luminosités → rouge:227 orange:2556 vert:620
2026-05-18 17:37:18 [DETECT] DEBUG : Luminosités → rouge:2577 orange:1277 vert:349
2026-05-18 17:37:19 [DETECT] DEBUG : Luminosités → rouge:1519 orange:998 vert:272
2026-05-18 17:37:19 [DETECT] DEBUG : Luminosités → rouge:258 orange:1526 vert:360
2026-05-18 17:37:19 [DETECT] DEBUG : Luminosités → rouge:240 orange:2606 vert:635
2026-05-18 17:37:19 [DETECT] DEBUG : Luminosités → rouge:2573 orange:1279 vert:348
2026-05-18 17:37:19 [DETECT] DEBUG : Luminosités → rouge:233 orange:2680 vert:586
2026-05-18 17:37:19 [DETECT] DEBUG : Luminosités → rouge:2565 orange:1268 vert:349
2026-05-18 17:37:20 [DETECT] DEBUG : Luminosités → rouge:1519 orange:998 vert:272
2026-05-18 17:37:20 [DETECT] DEBUG : Luminosités → rouge:258 orange:1526 vert:360
2026-05-18 17:37:20 [DETECT] DEBUG : Luminosités → rouge:240 orange:2606 vert:635
2026-05-18 17:37:20 [DETECT] DEBUG : Luminosités → rouge:2519 orange:1271 vert:340
2026-05-18 17:37:21 [DETECT] DEBUG : Luminosités → rouge:233 orange:2661 vert:578
2026-05-18 17:37:21 [DETECT] DEBUG : Luminosités → rouge:2565 orange:1268 vert:349
2026-05-18 17:37:21 [DETECT] DEBUG : Luminosités → rouge:1554 orange:1010 vert:274
2026-05-18 17:37:21 [DETECT] DEBUG : Luminosités → rouge:255 orange:1490 vert:402
2026-05-18 17:37:21 [DETECT] DEBUG : Luminosités → rouge:230 orange:2605 vert:632
2026-05-18 17:37:21 [DETECT] DEBUG : Luminosités → rouge:2508 orange:1271 vert:394
2026-05-18 17:37:22 [DETECT] DEBUG : Luminosités → rouge:226 orange:2610 vert:565
2026-05-18 17:37:22 [DETECT] DEBUG : Luminosités → rouge:2565 orange:1268 vert:349
2026-05-18 17:37:22 [DETECT] DEBUG : Luminosités → rouge:1554 orange:1010 vert:273
2026-05-18 17:37:22 [DETECT] DEBUG : Luminosités → rouge:255 orange:1490 vert:402
2026-05-18 17:37:22 [DETECT] DEBUG : Luminosités → rouge:318 orange:3202 vert:533
2026-05-18 17:37:22 [DETECT] DEBUG : Luminosités → rouge:2508 orange:1271 vert:396
2026-05-18 17:37:23 [DETECT] DEBUG : Luminosités → rouge:232 orange:2680 vert:589
2026-05-18 17:37:23 [DETECT] DEBUG : Luminosités → rouge:2507 orange:1264 vert:342
2026-05-18 17:37:23 [DETECT] DEBUG : Luminosités → rouge:1554 orange:1010 vert:273
2026-05-18 17:37:23 [DETECT] DEBUG : Luminosités → rouge:255 orange:1490 vert:402
2026-05-18 17:37:24 [DETECT] DEBUG : Luminosités → rouge:318 orange:3202 vert:533
2026-05-18 17:37:24 [DETECT] DEBUG : Luminosités → rouge:2508 orange:1271 vert:339
2026-05-18 17:37:24 [DETECT] DEBUG : Luminosités → rouge:232 orange:2661 vert:582
2026-05-18 17:37:24 [DETECT] DEBUG : Luminosités → rouge:2561 orange:1274 vert:348
2026-05-18 17:37:24 [DETECT] DEBUG : Luminosités → rouge:1520 orange:1000 vert:273
2026-05-18 17:37:24 [DETECT] DEBUG : Luminosités → rouge:257 orange:1489 vert:400
2026-05-18 17:37:25 [DETECT] DEBUG : Luminosités → rouge:317 orange:3202 vert:533
2026-05-18 17:37:25 [DETECT] DEBUG : Luminosités → rouge:2509 orange:1272 vert:339
2026-05-18 17:37:25 [DETECT] DEBUG : Luminosités → rouge:232 orange:2680 vert:590
2026-05-18 17:37:25 [DETECT] DEBUG : Luminosités → rouge:2561 orange:1274 vert:348
2026-05-18 17:37:25 [DETECT] DEBUG : Luminosités → rouge:1520 orange:1000 vert:273
2026-05-18 17:37:25 [DETECT] DEBUG : Luminosités → rouge:257 orange:1489 vert:399
2026-05-18 17:37:26 [DETECT] DEBUG : Luminosités → rouge:223 orange:2577 vert:626
2026-05-18 17:37:26 [DETECT] DEBUG : Luminosités → rouge:2565 orange:1272 vert:349
2026-05-18 17:37:26 [DETECT] DEBUG : Luminosités → rouge:232 orange:2680 vert:590
2026-05-18 17:37:26 [DETECT] DEBUG : Luminosités → rouge:2561 orange:1274 vert:348
2026-05-18 17:37:27 [DETECT] DEBUG : Luminosités → rouge:1520 orange:1000 vert:273
2026-05-18 17:37:27 [DETECT] DEBUG : Luminosités → rouge:257 orange:1489 vert:399
2026-05-18 17:37:27 [DETECT] DEBUG : Luminosités → rouge:223 orange:2577 vert:626
2026-05-18 17:37:27 [DETECT] DEBUG : Luminosités → rouge:2565 orange:1272 vert:349
2026-05-18 17:37:27 [DETECT] DEBUG : Luminosités → rouge:220 orange:2553 vert:622
2026-05-18 17:37:27 [DETECT] DEBUG : Luminosités → rouge:2513 orange:1306 vert:357
2026-05-18 17:37:28 [DETECT] DEBUG : Luminosités → rouge:1520 orange:1000 vert:273
2026-05-18 17:37:28 [DETECT] DEBUG : Luminosités → rouge:257 orange:1489 vert:399
2026-05-18 17:37:28 [DETECT] DEBUG : Luminosités → rouge:223 orange:2577 vert:626
2026-05-18 17:37:28 [DETECT] DEBUG : Luminosités → rouge:2511 orange:1262 vert:344
2026-05-18 17:37:28 [DETECT] DEBUG : Luminosités → rouge:220 orange:2553 vert:622
2026-05-18 17:37:28 [DETECT] DEBUG : Luminosités → rouge:2562 orange:1283 vert:351
2026-05-18 17:37:29 [DETECT] DEBUG : Luminosités → rouge:1520 orange:999 vert:277
2026-05-18 17:37:29 [DETECT] DEBUG : Luminosités → rouge:256 orange:1490 vert:400
2026-05-18 17:37:29 [DETECT] DEBUG : Luminosités → rouge:222 orange:2606 vert:567
2026-05-18 17:37:29 [DETECT] DEBUG : Luminosités → rouge:2561 orange:1264 vert:348
2026-05-18 17:37:30 [DETECT] DEBUG : Luminosités → rouge:220 orange:2553 vert:622
2026-05-18 17:37:30 [DETECT] DEBUG : Luminosités → rouge:2560 orange:1283 vert:351
2026-05-18 17:37:30 [DETECT] DEBUG : Luminosités → rouge:1520 orange:999 vert:277
2026-05-18 17:37:30 [DETECT] DEBUG : Luminosités → rouge:256 orange:1490 vert:400
2026-05-18 17:37:30 [DETECT] DEBUG : Luminosités → rouge:222 orange:2624 vert:575
2026-05-18 17:37:30 [DETECT] DEBUG : Luminosités → rouge:2561 orange:1264 vert:348
2026-05-18 17:37:31 [DETECT] DEBUG : Luminosités → rouge:220 orange:2553 vert:622
2026-05-18 17:37:31 [DETECT] DEBUG : Luminosités → rouge:2560 orange:1283 vert:351
2026-05-18 17:37:31 [DETECT] DEBUG : Luminosités → rouge:1520 orange:999 vert:277
2026-05-18 17:37:31 [DETECT] DEBUG : Luminosités → rouge:256 orange:1490 vert:400
2026-05-18 17:37:32 [DETECT] DEBUG : Luminosités → rouge:222 orange:2624 vert:575
2026-05-18 17:37:32 [DETECT] DEBUG : Luminosités → rouge:2561 orange:1264 vert:348
2026-05-18 17:37:32 [DETECT] DEBUG : Luminosités → rouge:228 orange:2557 vert:612
2026-05-18 17:37:32 [DETECT] DEBUG : Luminosités → rouge:2515 orange:1277 vert:374
2026-05-18 17:37:32 [DETECT] DEBUG : Luminosités → rouge:1513 orange:964 vert:269
2026-05-18 17:37:32 [DETECT] DEBUG : Luminosités → rouge:250 orange:1486 vert:356
2026-05-18 17:37:33 [DETECT] DEBUG : Luminosités → rouge:222 orange:2624 vert:575
2026-05-18 17:37:33 [DETECT] DEBUG : Luminosités → rouge:2561 orange:1264 vert:348
2026-05-18 17:37:33 [DETECT] DEBUG : Luminosités → rouge:227 orange:2557 vert:612
2026-05-18 17:37:33 [DETECT] DEBUG : Luminosités → rouge:2516 orange:1276 vert:375
2026-05-18 17:37:33 [DETECT] DEBUG : Luminosités → rouge:1480 orange:958 vert:269
2026-05-18 17:37:33 [DETECT] DEBUG : Luminosités → rouge:250 orange:1486 vert:356
2026-05-18 17:37:34 [DETECT] DEBUG : Luminosités → rouge:313 orange:3199 vert:544
2026-05-18 17:37:34 [DETECT] DEBUG : Luminosités → rouge:2566 orange:1264 vert:345
2026-05-18 17:37:34 [DETECT] DEBUG : Luminosités → rouge:227 orange:2557 vert:612
2026-05-18 17:37:34 [DETECT] DEBUG : Luminosités → rouge:2516 orange:1276 vert:375
2026-05-18 17:37:35 [DETECT] DEBUG : Luminosités → rouge:1480 orange:958 vert:269
2026-05-18 17:37:35 [DETECT] DEBUG : Luminosités → rouge:250 orange:1486 vert:356
2026-05-18 17:37:35 [DETECT] DEBUG : Luminosités → rouge:313 orange:3145 vert:536
2026-05-18 17:37:35 [DETECT] DEBUG : Luminosités → rouge:2560 orange:1262 vert:350
2026-05-18 17:37:35 [DETECT] DEBUG : Luminosités → rouge:219 orange:2651 vert:571
2026-05-18 17:37:35 [DETECT] DEBUG : Luminosités → rouge:2491 orange:1161 vert:326
2026-05-18 17:37:36 [DETECT] DEBUG : Luminosités → rouge:1480 orange:958 vert:269
2026-05-18 17:37:36 [DETECT] DEBUG : Luminosités → rouge:250 orange:1486 vert:356
2026-05-18 17:37:36 [DETECT] DEBUG : Luminosités → rouge:313 orange:3145 vert:536
2026-05-18 17:37:36 [DETECT] DEBUG : Luminosités → rouge:2559 orange:1259 vert:351
2026-05-18 17:37:37 [DETECT] DEBUG : Luminosités → rouge:218 orange:2651 vert:571
2026-05-18 17:37:37 [DETECT] DEBUG : Luminosités → rouge:2490 orange:1161 vert:326
2026-05-18 17:37:37 [DETECT] DEBUG : Luminosités → rouge:1521 orange:1003 vert:273
2026-05-18 17:37:37 [DETECT] DEBUG : Luminosités → rouge:257 orange:1530 vert:361
2026-05-18 17:37:37 [DETECT] DEBUG : Luminosités → rouge:220 orange:2556 vert:625
2026-05-18 17:37:37 [DETECT] DEBUG : Luminosités → rouge:2622 orange:1267 vert:353
2026-05-18 17:37:38 [DETECT] DEBUG : Luminosités → rouge:218 orange:2599 vert:623
2026-05-18 17:37:38 [DETECT] DEBUG : Luminosités → rouge:2490 orange:1161 vert:326
2026-05-18 17:37:38 [DETECT] DEBUG : Luminosités → rouge:1521 orange:1003 vert:273
2026-05-18 17:37:38 [DETECT] DEBUG : Luminosités → rouge:257 orange:1530 vert:361
2026-05-18 17:37:38 [DETECT] DEBUG : Luminosités → rouge:220 orange:2574 vert:634
2026-05-18 17:37:38 [DETECT] DEBUG : Luminosités → rouge:2616 orange:1269 vert:352
2026-05-18 17:37:39 [DETECT] DEBUG : Luminosités → rouge:217 orange:2615 vert:633
2026-05-18 17:37:39 [DETECT] DEBUG : Luminosités → rouge:2545 orange:1178 vert:394
2026-05-18 17:37:39 [DETECT] DEBUG : Luminosités → rouge:1521 orange:1003 vert:273
2026-05-18 17:37:39 [DETECT] DEBUG : Luminosités → rouge:257 orange:1530 vert:361
2026-05-18 17:37:40 [DETECT] DEBUG : Luminosités → rouge:220 orange:2574 vert:634
2026-05-18 17:37:40 [DETECT] DEBUG : Luminosités → rouge:2567 orange:1269 vert:404
2026-05-18 17:37:40 [DETECT] DEBUG : Luminosités → rouge:217 orange:2615 vert:633
2026-05-18 17:37:40 [DETECT] DEBUG : Luminosités → rouge:2546 orange:1171 vert:396
2026-05-18 17:37:40 [DETECT] DEBUG : Luminosités → rouge:1519 orange:949 vert:265
2026-05-18 17:37:40 [DETECT] DEBUG : Luminosités → rouge:254 orange:1487 vert:396
2026-05-18 17:37:41 [DETECT] DEBUG : Luminosités → rouge:220 orange:2574 vert:634
2026-05-18 17:37:41 [DETECT] DEBUG : Luminosités → rouge:2568 orange:1268 vert:404
2026-05-18 17:37:41 [DETECT] DEBUG : Luminosités → rouge:217 orange:2615 vert:633
2026-05-18 17:37:41 [DETECT] DEBUG : Luminosités → rouge:2546 orange:1171 vert:396
2026-05-18 17:37:41 [DETECT] DEBUG : Luminosités → rouge:1519 orange:949 vert:266
2026-05-18 17:37:41 [DETECT] DEBUG : Luminosités → rouge:254 orange:1487 vert:396
2026-05-18 17:37:42 [DETECT] DEBUG : Luminosités → rouge:230 orange:2679 vert:589
2026-05-18 17:37:42 [DETECT] DEBUG : Luminosités → rouge:2516 orange:1281 vert:381
2026-05-18 17:37:42 [DETECT] DEBUG : Luminosités → rouge:217 orange:2615 vert:633
2026-05-18 17:37:42 [DETECT] DEBUG : Luminosités → rouge:2546 orange:1171 vert:396
2026-05-18 17:37:43 [DETECT] DEBUG : Luminosités → rouge:1519 orange:949 vert:265
2026-05-18 17:37:43 [DETECT] DEBUG : Luminosités → rouge:254 orange:1487 vert:396
2026-05-18 17:37:43 [DETECT] DEBUG : Luminosités → rouge:230 orange:2679 vert:589
2026-05-18 17:37:43 [DETECT] DEBUG : Luminosités → rouge:2516 orange:1281 vert:381
2026-05-18 17:37:43 [DETECT] DEBUG : Luminosités → rouge:219 orange:2651 vert:573
2026-05-18 17:37:43 [DETECT] DEBUG : Luminosités → rouge:2493 orange:1165 vert:317
2026-05-18 17:37:44 [DETECT] DEBUG : Luminosités → rouge:1519 orange:949 vert:265
2026-05-18 17:37:44 [DETECT] DEBUG : Luminosités → rouge:254 orange:1487 vert:396
2026-05-18 17:37:44 [DETECT] DEBUG : Luminosités → rouge:230 orange:2679 vert:589
2026-05-18 17:37:44 [DETECT] DEBUG : Luminosités → rouge:2516 orange:1281 vert:382
2026-05-18 17:37:44 [DETECT] DEBUG : Luminosités → rouge:219 orange:2651 vert:573
2026-05-18 17:37:44 [DETECT] DEBUG : Luminosités → rouge:2493 orange:1164 vert:317
2026-05-18 17:37:45 [DETECT] DEBUG : Luminosités → rouge:1540 orange:957 vert:258
2026-05-18 17:37:45 [DETECT] DEBUG : Luminosités → rouge:254 orange:1483 vert:393
2026-05-18 17:37:45 [DETECT] DEBUG : Luminosités → rouge:224 orange:2657 vert:581
2026-05-18 17:37:45 [DETECT] DEBUG : Luminosités → rouge:2568 orange:1276 vert:343
2026-05-18 17:37:46 [DETECT] DEBUG : Luminosités → rouge:219 orange:2651 vert:573
2026-05-18 17:37:46 [DETECT] DEBUG : Luminosités → rouge:2494 orange:1164 vert:318
2026-05-18 17:37:46 [DETECT] DEBUG : Luminosités → rouge:1540 orange:957 vert:258
2026-05-18 17:37:46 [DETECT] DEBUG : Luminosités → rouge:254 orange:1483 vert:393
2026-05-18 17:37:46 [DETECT] DEBUG : Luminosités → rouge:223 orange:2656 vert:581
2026-05-18 17:37:46 [DETECT] DEBUG : Luminosités → rouge:2517 orange:1284 vert:372
2026-05-18 17:37:47 [DETECT] DEBUG : Luminosités → rouge:219 orange:2651 vert:572
2026-05-18 17:37:47 [DETECT] DEBUG : Luminosités → rouge:2489 orange:1163 vert:323
2026-05-18 17:37:47 [DETECT] DEBUG : Luminosités → rouge:1540 orange:957 vert:258
2026-05-18 17:37:47 [DETECT] DEBUG : Luminosités → rouge:254 orange:1483 vert:393
2026-05-18 17:37:48 [DETECT] DEBUG : Luminosités → rouge:223 orange:2656 vert:581
2026-05-18 17:37:48 [DETECT] DEBUG : Luminosités → rouge:2568 orange:1270 vert:343
2026-05-18 17:37:48 [DETECT] DEBUG : Luminosités → rouge:215 orange:2653 vert:567
2026-05-18 17:37:48 [DETECT] DEBUG : Luminosités → rouge:2543 orange:1167 vert:396
2026-05-18 17:37:48 [DETECT] DEBUG : Luminosités → rouge:1529 orange:954 vert:258
2026-05-18 17:37:48 [DETECT] DEBUG : Luminosités → rouge:252 orange:1442 vert:427
2026-05-18 17:37:49 [DETECT] DEBUG : Luminosités → rouge:223 orange:2604 vert:633
2026-05-18 17:37:49 [DETECT] DEBUG : Luminosités → rouge:2568 orange:1270 vert:343
2026-05-18 17:37:49 [DETECT] DEBUG : Luminosités → rouge:214 orange:2653 vert:567
2026-05-18 17:37:49 [DETECT] DEBUG : Luminosités → rouge:2543 orange:1169 vert:396
2026-05-18 17:37:50 [DETECT] DEBUG : Luminosités → rouge:1530 orange:954 vert:258
2026-05-18 17:37:50 [DETECT] DEBUG : Luminosités → rouge:252 orange:1442 vert:427
2026-05-18 17:37:50 [DETECT] DEBUG : Luminosités → rouge:234 orange:2606 vert:636
2026-05-18 17:37:50 [DETECT] DEBUG : Luminosités → rouge:2578 orange:1277 vert:349
2026-05-18 17:37:50 [DETECT] DEBUG : Luminosités → rouge:214 orange:2653 vert:567
2026-05-18 17:37:50 [DETECT] DEBUG : Luminosités → rouge:2543 orange:1167 vert:397
2026-05-18 17:37:51 [DETECT] DEBUG : Luminosités → rouge:1530 orange:954 vert:258
2026-05-18 17:37:51 [DETECT] DEBUG : Luminosités → rouge:252 orange:1442 vert:427
2026-05-18 17:37:51 [DETECT] DEBUG : Luminosités → rouge:227 orange:2556 vert:620
2026-05-18 17:37:51 [DETECT] DEBUG : Luminosités → rouge:2578 orange:1277 vert:349
2026-05-18 17:37:52 [DETECT] DEBUG : Luminosités → rouge:218 orange:2602 vert:624
2026-05-18 17:37:52 [DETECT] DEBUG : Luminosités → rouge:2546 orange:1176 vert:334
2026-05-18 17:37:52 [DETECT] DEBUG : Luminosités → rouge:1530 orange:954 vert:258
2026-05-18 17:37:52 [DETECT] DEBUG : Luminosités → rouge:252 orange:1442 vert:427
2026-05-18 17:37:52 [DETECT] DEBUG : Luminosités → rouge:227 orange:2556 vert:620
2026-05-18 17:37:52 [DETECT] DEBUG : Luminosités → rouge:2577 orange:1277 vert:349
2026-05-18 17:37:53 [DETECT] DEBUG : Luminosités → rouge:218 orange:2602 vert:624
2026-05-18 17:37:53 [DETECT] DEBUG : Luminosités → rouge:2546 orange:1176 vert:334
2026-05-18 17:37:53 [DETECT] DEBUG : Luminosités → rouge:1533 orange:956 vert:262
2026-05-18 17:37:53 [DETECT] DEBUG : Luminosités → rouge:254 orange:1483 vert:395
2026-05-18 17:37:54 [DETECT] DEBUG : Luminosités → rouge:233 orange:2680 vert:586
2026-05-18 17:37:54 [DETECT] DEBUG : Luminosités → rouge:2565 orange:1268 vert:349
2026-05-18 17:37:54 [DETECT] DEBUG : Luminosités → rouge:218 orange:2602 vert:624
2026-05-18 17:37:54 [DETECT] DEBUG : Luminosités → rouge:2492 orange:1166 vert:328
2026-05-18 17:37:54 [DETECT] DEBUG : Luminosités → rouge:1533 orange:956 vert:262
2026-05-18 17:37:54 [DETECT] DEBUG : Luminosités → rouge:254 orange:1483 vert:395
2026-05-18 17:37:55 [DETECT] DEBUG : Luminosités → rouge:233 orange:2680 vert:586
2026-05-18 17:37:55 [DETECT] DEBUG : Luminosités → rouge:2565 orange:1268 vert:349
2026-05-18 17:37:55 [DETECT] DEBUG : Luminosités → rouge:214 orange:2651 vert:570
2026-05-18 17:37:55 [DETECT] DEBUG : Luminosités → rouge:2542 orange:1169 vert:392
2026-05-18 17:37:55 [DETECT] DEBUG : Luminosités → rouge:1533 orange:956 vert:262
2026-05-18 17:37:55 [DETECT] DEBUG : Luminosités → rouge:254 orange:1483 vert:395
2026-05-18 17:37:56 [DETECT] DEBUG : Luminosités → rouge:233 orange:2680 vert:586
2026-05-18 17:37:56 [DETECT] DEBUG : Luminosités → rouge:2565 orange:1268 vert:349
2026-05-18 17:37:56 [DETECT] DEBUG : Luminosités → rouge:213 orange:2651 vert:570
2026-05-18 17:37:56 [DETECT] DEBUG : Luminosités → rouge:2542 orange:1169 vert:390
2026-05-18 17:37:57 [DETECT] DEBUG : Luminosités → rouge:1533 orange:938 vert:263
2026-05-18 17:37:57 [DETECT] DEBUG : Luminosités → rouge:254 orange:1481 vert:391
2026-05-18 17:37:57 [DETECT] DEBUG : Luminosités → rouge:233 orange:2680 vert:586
2026-05-18 17:37:57 [DETECT] DEBUG : Luminosités → rouge:2565 orange:1268 vert:349
2026-05-18 17:37:57 [DETECT] DEBUG : Luminosités → rouge:213 orange:2651 vert:570
2026-05-18 17:37:57 [DETECT] DEBUG : Luminosités → rouge:2542 orange:1169 vert:390
2026-05-18 17:37:58 [DETECT] DEBUG : Luminosités → rouge:1494 orange:894 vert:256
2026-05-18 17:37:58 [DETECT] DEBUG : Luminosités → rouge:254 orange:1443 vert:429
2026-05-18 17:37:58 [DETECT] DEBUG : Luminosités → rouge:232 orange:2680 vert:589
2026-05-18 17:37:58 [DETECT] DEBUG : Luminosités → rouge:2561 orange:1274 vert:348
2026-05-18 17:37:58 [DETECT] DEBUG : Luminosités → rouge:213 orange:2651 vert:570
2026-05-18 17:37:58 [DETECT] DEBUG : Luminosités → rouge:2542 orange:1169 vert:390
2026-05-18 17:37:59 [DETECT] DEBUG : Luminosités → rouge:1494 orange:894 vert:256
2026-05-18 17:37:59 [DETECT] DEBUG : Luminosités → rouge:254 orange:1443 vert:429
2026-05-18 17:37:59 [DETECT] DEBUG : Luminosités → rouge:232 orange:2680 vert:590
2026-05-18 17:37:59 [DETECT] DEBUG : Luminosités → rouge:2561 orange:1274 vert:348
2026-05-18 17:38:00 [DETECT] DEBUG : Luminosités → rouge:207 orange:2619 vert:566
2026-05-18 17:38:00 [DETECT] DEBUG : Luminosités → rouge:2497 orange:1159 vert:324
2026-05-18 17:38:00 [DETECT] DEBUG : Luminosités → rouge:1533 orange:938 vert:263
2026-05-18 17:38:00 [DETECT] DEBUG : Luminosités → rouge:254 orange:1443 vert:429
2026-05-18 17:38:00 [DETECT] DEBUG : Luminosités → rouge:232 orange:2680 vert:590
2026-05-18 17:38:00 [DETECT] DEBUG : Luminosités → rouge:2561 orange:1274 vert:348
2026-05-18 17:38:01 [DETECT] DEBUG : Luminosités → rouge:207 orange:2619 vert:565
2026-05-18 17:38:01 [DETECT] DEBUG : Luminosités → rouge:2497 orange:1160 vert:380
2026-05-18 17:38:01 [DETECT] DEBUG : Luminosités → rouge:1536 orange:950 vert:257
2026-05-18 17:38:01 [DETECT] DEBUG : Luminosités → rouge:253 orange:1519 vert:358
2026-05-18 17:38:02 [DETECT] DEBUG : Luminosités → rouge:220 orange:2553 vert:622
2026-05-18 17:38:02 [DETECT] DEBUG : Luminosités → rouge:2562 orange:1283 vert:351
2026-05-18 17:38:02 [DETECT] DEBUG : Luminosités → rouge:207 orange:2619 vert:566
2026-05-18 17:38:02 [DETECT] DEBUG : Luminosités → rouge:2497 orange:1160 vert:380
2026-05-18 17:38:02 [DETECT] DEBUG : Luminosités → rouge:1536 orange:950 vert:257
2026-05-18 17:38:02 [DETECT] DEBUG : Luminosités → rouge:253 orange:1519 vert:358
2026-05-18 17:38:03 [DETECT] DEBUG : Luminosités → rouge:220 orange:2553 vert:622
2026-05-18 17:38:03 [DETECT] DEBUG : Luminosités → rouge:2562 orange:1283 vert:351
2026-05-18 17:38:03 [DETECT] DEBUG : Luminosités → rouge:207 orange:2551 vert:609
2026-05-18 17:38:03 [DETECT] DEBUG : Luminosités → rouge:2487 orange:1146 vert:330
2026-05-18 17:38:03 [DETECT] DEBUG : Luminosités → rouge:1536 orange:950 vert:257
2026-05-18 17:38:03 [DETECT] DEBUG : Luminosités → rouge:253 orange:1519 vert:358
2026-05-18 17:38:04 [DETECT] DEBUG : Luminosités → rouge:220 orange:2569 vert:631
2026-05-18 17:38:04 [DETECT] DEBUG : Luminosités → rouge:2560 orange:1283 vert:351
2026-05-18 17:38:04 [DETECT] DEBUG : Luminosités → rouge:205 orange:2552 vert:608
2026-05-18 17:38:04 [DETECT] DEBUG : Luminosités → rouge:2482 orange:1145 vert:329
2026-05-18 17:38:05 [DETECT] DEBUG : Luminosités → rouge:1527 orange:940 vert:258
2026-05-18 17:38:05 [DETECT] DEBUG : Luminosités → rouge:252 orange:1519 vert:381
2026-05-18 17:38:05 [DETECT] DEBUG : Luminosités → rouge:220 orange:2553 vert:622
2026-05-18 17:38:05 [DETECT] DEBUG : Luminosités → rouge:2560 orange:1283 vert:351
2026-05-18 17:38:05 [DETECT] DEBUG : Luminosités → rouge:205 orange:2552 vert:608
2026-05-18 17:38:05 [DETECT] DEBUG : Luminosités → rouge:2483 orange:1145 vert:328
2026-05-18 17:38:06 [DETECT] DEBUG : Luminosités → rouge:1527 orange:940 vert:258
2026-05-18 17:38:06 [DETECT] DEBUG : Luminosités → rouge:252 orange:1519 vert:381
2026-05-18 17:38:06 [DETECT] DEBUG : Luminosités → rouge:227 orange:2557 vert:612
2026-05-18 17:38:06 [DETECT] DEBUG : Luminosités → rouge:2516 orange:1277 vert:374
2026-05-18 17:38:06 [DETECT] DEBUG : Luminosités → rouge:205 orange:2552 vert:608
2026-05-18 17:38:06 [DETECT] DEBUG : Luminosités → rouge:2483 orange:1145 vert:328
2026-05-18 17:38:07 [DETECT] DEBUG : Luminosités → rouge:1527 orange:940 vert:258
2026-05-18 17:38:07 [DETECT] DEBUG : Luminosités → rouge:252 orange:1519 vert:381
2026-05-18 17:38:07 [DETECT] DEBUG : Luminosités → rouge:227 orange:2557 vert:612
2026-05-18 17:38:07 [DETECT] DEBUG : Luminosités → rouge:2516 orange:1276 vert:375
2026-05-18 17:38:08 [DETECT] DEBUG : Luminosités → rouge:204 orange:2603 vert:556
2026-05-18 17:38:08 [DETECT] DEBUG : Luminosités → rouge:2488 orange:1138 vert:388
2026-05-18 17:38:08 [DETECT] DEBUG : Luminosités → rouge:1527 orange:940 vert:258
2026-05-18 17:38:08 [DETECT] DEBUG : Luminosités → rouge:252 orange:1519 vert:381
2026-05-18 17:38:08 [DETECT] DEBUG : Luminosités → rouge:227 orange:2557 vert:612
2026-05-18 17:38:08 [DETECT] DEBUG : Luminosités → rouge:2516 orange:1276 vert:375
2026-05-18 17:38:09 [DETECT] DEBUG : Luminosités → rouge:204 orange:2603 vert:556
2026-05-18 17:38:09 [DETECT] DEBUG : Luminosités → rouge:2488 orange:1138 vert:325
2026-05-18 17:38:09 [DETECT] DEBUG : Luminosités → rouge:1529 orange:942 vert:261
2026-05-18 17:38:09 [DETECT] DEBUG : Luminosités → rouge:251 orange:1483 vert:395
2026-05-18 17:38:10 [DETECT] DEBUG : Luminosités → rouge:304 orange:3140 vert:514
2026-05-18 17:38:10 [DETECT] DEBUG : Luminosités → rouge:2491 orange:1161 vert:326
2026-05-18 17:38:10 [DETECT] DEBUG : Luminosités → rouge:204 orange:2603 vert:556
2026-05-18 17:38:10 [DETECT] DEBUG : Luminosités → rouge:2488 orange:1138 vert:325
2026-05-18 17:38:10 [DETECT] DEBUG : Luminosités → rouge:1529 orange:942 vert:260
2026-05-18 17:38:10 [DETECT] DEBUG : Luminosités → rouge:251 orange:1483 vert:395
2026-05-18 17:38:11 [DETECT] DEBUG : Luminosités → rouge:303 orange:3140 vert:514
2026-05-18 17:38:11 [DETECT] DEBUG : Luminosités → rouge:2490 orange:1161 vert:326
2026-05-18 17:38:11 [DETECT] DEBUG : Luminosités → rouge:211 orange:2606 vert:550
2026-05-18 17:38:11 [DETECT] DEBUG : Luminosités → rouge:2543 orange:1154 vert:340
2026-05-18 17:38:11 [DETECT] DEBUG : Luminosités → rouge:1529 orange:942 vert:261
2026-05-18 17:38:11 [DETECT] DEBUG : Luminosités → rouge:251 orange:1483 vert:395
2026-05-18 17:38:12 [DETECT] DEBUG : Luminosités → rouge:303 orange:3140 vert:514
2026-05-18 17:38:12 [DETECT] DEBUG : Luminosités → rouge:2538 orange:1163 vert:336
2026-05-18 17:38:12 [DETECT] DEBUG : Luminosités → rouge:211 orange:2606 vert:555
2026-05-18 17:38:12 [DETECT] DEBUG : Luminosités → rouge:2543 orange:1154 vert:340
2026-05-18 17:38:13 [DETECT] DEBUG : Luminosités → rouge:1530 orange:943 vert:261
2026-05-18 17:38:13 [DETECT] DEBUG : Luminosités → rouge:253 orange:1518 vert:358
2026-05-18 17:38:13 [DETECT] DEBUG : Luminosités → rouge:303 orange:3140 vert:514
2026-05-18 17:38:13 [DETECT] DEBUG : Luminosités → rouge:2490 orange:1161 vert:326
2026-05-18 17:38:13 [DETECT] DEBUG : Luminosités → rouge:211 orange:2606 vert:555
2026-05-18 17:38:13 [DETECT] DEBUG : Luminosités → rouge:2543 orange:1154 vert:340
2026-05-18 17:38:14 [DETECT] DEBUG : Luminosités → rouge:1491 orange:894 vert:253
2026-05-18 17:38:14 [DETECT] DEBUG : Luminosités → rouge:253 orange:1518 vert:358
2026-05-18 17:38:14 [DETECT] DEBUG : Luminosités → rouge:217 orange:2615 vert:633
2026-05-18 17:38:14 [DETECT] DEBUG : Luminosités → rouge:2546 orange:1171 vert:331
2026-05-18 17:38:15 [DETECT] DEBUG : Luminosités → rouge:211 orange:2606 vert:555
2026-05-18 17:38:15 [DETECT] DEBUG : Luminosités → rouge:2543 orange:1154 vert:340
2026-05-18 17:38:15 [DETECT] DEBUG : Luminosités → rouge:1491 orange:894 vert:253
2026-05-18 17:38:15 [DETECT] DEBUG : Luminosités → rouge:253 orange:1518 vert:358
2026-05-18 17:38:15 [DETECT] DEBUG : Luminosités → rouge:217 orange:2615 vert:633
2026-05-18 17:38:15 [DETECT] DEBUG : Luminosités → rouge:2546 orange:1171 vert:396
2026-05-18 17:38:16 [DETECT] DEBUG : Luminosités → rouge:211 orange:2607 vert:559
2026-05-18 17:38:16 [DETECT] DEBUG : Luminosités → rouge:2550 orange:1160 vert:332
2026-05-18 17:38:16 [DETECT] DEBUG : Luminosités → rouge:1491 orange:894 vert:253
2026-05-18 17:38:16 [DETECT] DEBUG : Luminosités → rouge:253 orange:1518 vert:358
2026-05-18 17:38:17 [DETECT] DEBUG : Luminosités → rouge:217 orange:2615 vert:633
2026-05-18 17:38:17 [DETECT] DEBUG : Luminosités → rouge:2546 orange:1171 vert:396
2026-05-18 17:38:17 [DETECT] DEBUG : Luminosités → rouge:211 orange:2556 vert:610
2026-05-18 17:38:17 [DETECT] DEBUG : Luminosités → rouge:2550 orange:1160 vert:331
2026-05-18 17:38:17 [DETECT] DEBUG : Luminosités → rouge:1528 orange:948 vert:257
2026-05-18 17:38:17 [DETECT] DEBUG : Luminosités → rouge:254 orange:1521 vert:357
2026-05-18 17:38:18 [DETECT] DEBUG : Luminosités → rouge:219 orange:2667 vert:579
2026-05-18 17:38:18 [DETECT] DEBUG : Luminosités → rouge:2494 orange:1170 vert:319
2026-05-18 17:38:18 [DETECT] DEBUG : Luminosités → rouge:211 orange:2556 vert:610
2026-05-18 17:38:18 [DETECT] DEBUG : Luminosités → rouge:2550 orange:1160 vert:331
2026-05-18 17:38:18 [DETECT] DEBUG : Luminosités → rouge:1528 orange:948 vert:257
2026-05-18 17:38:18 [DETECT] DEBUG : Luminosités → rouge:254 orange:1521 vert:357
2026-05-18 17:38:19 [DETECT] DEBUG : Luminosités → rouge:219 orange:2651 vert:573
2026-05-18 17:38:19 [DETECT] DEBUG : Luminosités → rouge:2493 orange:1165 vert:317
2026-05-18 17:38:19 [DETECT] DEBUG : Luminosités → rouge:222 orange:2659 vert:564
2026-05-18 17:38:19 [DETECT] DEBUG : Luminosités → rouge:2546 orange:1161 vert:335
2026-05-18 17:38:20 [DETECT] DEBUG : Luminosités → rouge:1528 orange:948 vert:257
2026-05-18 17:38:20 [DETECT] DEBUG : Luminosités → rouge:254 orange:1521 vert:357
2026-05-18 17:38:20 [DETECT] DEBUG : Luminosités → rouge:219 orange:2651 vert:573
2026-05-18 17:38:20 [DETECT] DEBUG : Luminosités → rouge:2494 orange:1164 vert:318
2026-05-18 17:38:20 [DETECT] DEBUG : Luminosités → rouge:222 orange:2659 vert:564
2026-05-18 17:38:20 [DETECT] DEBUG : Luminosités → rouge:2546 orange:1161 vert:336
2026-05-18 17:38:21 [DETECT] DEBUG : Luminosités → rouge:1479 orange:886 vert:250
2026-05-18 17:38:21 [DETECT] DEBUG : Luminosités → rouge:253 orange:1519 vert:356
2026-05-18 17:38:21 [DETECT] DEBUG : Luminosités → rouge:219 orange:2651 vert:572
2026-05-18 17:38:21 [DETECT] DEBUG : Luminosités → rouge:2494 orange:1164 vert:318
2026-05-18 17:38:22 [DETECT] DEBUG : Luminosités → rouge:222 orange:2659 vert:564
2026-05-18 17:38:22 [DETECT] DEBUG : Luminosités → rouge:2546 orange:1161 vert:336
2026-05-18 17:38:22 [DETECT] DEBUG : Luminosités → rouge:1479 orange:886 vert:250
2026-05-18 17:38:22 [DETECT] DEBUG : Luminosités → rouge:253 orange:1519 vert:356
2026-05-18 17:38:22 [DETECT] DEBUG : Luminosités → rouge:215 orange:2653 vert:567
2026-05-18 17:38:22 [DETECT] DEBUG : Luminosités → rouge:2543 orange:1167 vert:396
2026-05-18 17:38:23 [DETECT] DEBUG : Luminosités → rouge:222 orange:2659 vert:564
2026-05-18 17:38:23 [DETECT] DEBUG : Luminosités → rouge:2546 orange:1161 vert:335
2026-05-18 17:38:23 [DETECT] DEBUG : Luminosités → rouge:1479 orange:886 vert:250
2026-05-18 17:38:23 [DETECT] DEBUG : Luminosités → rouge:253 orange:1519 vert:356
2026-05-18 17:38:24 [DETECT] DEBUG : Luminosités → rouge:214 orange:2653 vert:567
2026-05-18 17:38:24 [DETECT] DEBUG : Luminosités → rouge:2543 orange:1168 vert:396
2026-05-18 17:38:24 [DETECT] DEBUG : Luminosités → rouge:208 orange:2606 vert:559
2026-05-18 17:38:24 [DETECT] DEBUG : Luminosités → rouge:2544 orange:1164 vert:337
2026-05-18 17:38:24 [DETECT] DEBUG : Luminosités → rouge:1479 orange:886 vert:250
2026-05-18 17:38:24 [DETECT] DEBUG : Luminosités → rouge:253 orange:1519 vert:356
2026-05-18 17:38:25 [DETECT] DEBUG : Luminosités → rouge:214 orange:2653 vert:567
2026-05-18 17:38:25 [DETECT] DEBUG : Luminosités → rouge:2543 orange:1167 vert:397
2026-05-18 17:38:25 [DETECT] DEBUG : Luminosités → rouge:208 orange:2555 vert:610
2026-05-18 17:38:25 [DETECT] DEBUG : Luminosités → rouge:2544 orange:1164 vert:337
2026-05-18 17:38:25 [DETECT] DEBUG : Luminosités → rouge:1531 orange:952 vert:257
2026-05-18 17:38:25 [DETECT] DEBUG : Luminosités → rouge:255 orange:1443 vert:430
2026-05-18 17:38:26 [DETECT] DEBUG : Luminosités → rouge:218 orange:2602 vert:624
2026-05-18 17:38:26 [DETECT] DEBUG : Luminosités → rouge:2546 orange:1176 vert:333
2026-05-18 17:38:26 [DETECT] DEBUG : Luminosités → rouge:208 orange:2555 vert:610
2026-05-18 17:38:26 [DETECT] DEBUG : Luminosités → rouge:2544 orange:1164 vert:338
2026-05-18 17:38:27 [DETECT] DEBUG : Luminosités → rouge:1531 orange:952 vert:257
2026-05-18 17:38:27 [DETECT] DEBUG : Luminosités → rouge:255 orange:1443 vert:430
2026-05-18 17:38:27 [DETECT] DEBUG : Luminosités → rouge:218 orange:2602 vert:624
2026-05-18 17:38:27 [DETECT] DEBUG : Luminosités → rouge:2546 orange:1176 vert:334
2026-05-18 17:38:27 [DETECT] DEBUG : Luminosités → rouge:224 orange:2623 vert:631
2026-05-18 17:38:27 [DETECT] DEBUG : Luminosités → rouge:2542 orange:1158 vert:337
2026-05-18 17:38:28 [DETECT] DEBUG : Luminosités → rouge:1531 orange:952 vert:257
2026-05-18 17:38:28 [DETECT] DEBUG : Luminosités → rouge:255 orange:1443 vert:430
2026-05-18 17:38:28 [DETECT] DEBUG : Luminosités → rouge:218 orange:2602 vert:624
2026-05-18 17:38:28 [DETECT] DEBUG : Luminosités → rouge:2546 orange:1176 vert:334
2026-05-18 17:38:29 [DETECT] DEBUG : Luminosités → rouge:224 orange:2623 vert:631
2026-05-18 17:38:29 [DETECT] DEBUG : Luminosités → rouge:2543 orange:1158 vert:337
2026-05-18 17:38:29 [DETECT] DEBUG : Luminosités → rouge:1530 orange:947 vert:258
2026-05-18 17:38:29 [DETECT] DEBUG : Luminosités → rouge:253 orange:1483 vert:394
2026-05-18 17:38:29 [DETECT] DEBUG : Luminosités → rouge:218 orange:2602 vert:624
2026-05-18 17:38:29 [DETECT] DEBUG : Luminosités → rouge:2546 orange:1176 vert:334
2026-05-18 17:38:30 [DETECT] DEBUG : Luminosités → rouge:224 orange:2623 vert:631
2026-05-18 17:38:30 [DETECT] DEBUG : Luminosités → rouge:2543 orange:1160 vert:337
2026-05-18 17:38:30 [DETECT] DEBUG : Luminosités → rouge:1530 orange:947 vert:258
2026-05-18 17:38:30 [DETECT] DEBUG : Luminosités → rouge:253 orange:1483 vert:394
2026-05-18 17:38:31 [DETECT] DEBUG : Luminosités → rouge:213 orange:2651 vert:570
2026-05-18 17:38:31 [DETECT] DEBUG : Luminosités → rouge:2591 orange:1171 vert:342
2026-05-18 17:38:31 [DETECT] DEBUG : Luminosités → rouge:224 orange:2623 vert:631
2026-05-18 17:38:31 [DETECT] DEBUG : Luminosités → rouge:2543 orange:1160 vert:337
2026-05-18 17:38:31 [DETECT] DEBUG : Luminosités → rouge:1530 orange:947 vert:258
2026-05-18 17:38:31 [DETECT] DEBUG : Luminosités → rouge:253 orange:1483 vert:394
2026-05-18 17:38:32 [DETECT] DEBUG : Luminosités → rouge:213 orange:2651 vert:570
2026-05-18 17:38:32 [DETECT] DEBUG : Luminosités → rouge:2591 orange:1171 vert:341
2026-05-18 17:38:32 [DETECT] DEBUG : Luminosités → rouge:214 orange:2554 vert:610
2026-05-18 17:38:32 [DETECT] DEBUG : Luminosités → rouge:2539 orange:1175 vert:396
2026-05-18 17:38:33 [DETECT] DEBUG : Luminosités → rouge:1532 orange:945 vert:262
2026-05-18 17:38:33 [DETECT] DEBUG : Luminosités → rouge:253 orange:1483 vert:393
2026-05-18 17:38:33 [DETECT] DEBUG : Luminosités → rouge:213 orange:2651 vert:570
2026-05-18 17:38:33 [DETECT] DEBUG : Luminosités → rouge:2542 orange:1169 vert:390
2026-05-18 17:38:33 [DETECT] DEBUG : Luminosités → rouge:214 orange:2554 vert:610
2026-05-18 17:38:33 [DETECT] DEBUG : Luminosités → rouge:2540 orange:1175 vert:396
2026-05-18 17:38:34 [DETECT] DEBUG : Luminosités → rouge:1532 orange:945 vert:262
2026-05-18 17:38:34 [DETECT] DEBUG : Luminosités → rouge:253 orange:1483 vert:393
2026-05-18 17:38:34 [DETECT] DEBUG : Luminosités → rouge:212 orange:2619 vert:566
2026-05-18 17:38:34 [DETECT] DEBUG : Luminosités → rouge:2497 orange:1159 vert:323
2026-05-18 17:38:35 [DETECT] DEBUG : Luminosités → rouge:214 orange:2554 vert:610
2026-05-18 17:38:35 [DETECT] DEBUG : Luminosités → rouge:2540 orange:1175 vert:396
2026-05-18 17:38:35 [DETECT] DEBUG : Luminosités → rouge:1532 orange:945 vert:262
2026-05-18 17:38:35 [DETECT] DEBUG : Luminosités → rouge:253 orange:1483 vert:393
2026-05-18 17:38:35 [DETECT] DEBUG : Luminosités → rouge:207 orange:2619 vert:565
2026-05-18 17:38:35 [DETECT] DEBUG : Luminosités → rouge:2497 orange:1160 vert:380
2026-05-18 17:38:36 [DETECT] DEBUG : Luminosités → rouge:219 orange:2654 vert:568
2026-05-18 17:38:36 [DETECT] DEBUG : Luminosités → rouge:2492 orange:1146 vert:333
2026-05-18 17:38:36 [DETECT] DEBUG : Luminosités → rouge:1532 orange:945 vert:262
2026-05-18 17:38:36 [DETECT] DEBUG : Luminosités → rouge:253 orange:1483 vert:393
2026-05-18 17:38:37 [DETECT] DEBUG : Luminosités → rouge:207 orange:2619 vert:566
2026-05-18 17:38:37 [DETECT] DEBUG : Luminosités → rouge:2497 orange:1160 vert:380
2026-05-18 17:38:37 [DETECT] DEBUG : Luminosités → rouge:219 orange:2654 vert:568
2026-05-18 17:38:37 [DETECT] DEBUG : Luminosités → rouge:2492 orange:1146 vert:333
2026-05-18 17:38:37 [DETECT] DEBUG : Luminosités → rouge:1490 orange:894 vert:253
2026-05-18 17:38:37 [DETECT] DEBUG : Luminosités → rouge:252 orange:1523 vert:358
2026-05-18 17:38:38 [DETECT] DEBUG : Luminosités → rouge:207 orange:2619 vert:567
2026-05-18 17:38:38 [DETECT] DEBUG : Luminosités → rouge:2497 orange:1160 vert:380
2026-05-18 17:38:38 [DETECT] DEBUG : Luminosités → rouge:219 orange:2654 vert:568
2026-05-18 17:38:38 [DETECT] DEBUG : Luminosités → rouge:2492 orange:1146 vert:333
2026-05-18 17:38:39 [DETECT] DEBUG : Luminosités → rouge:1490 orange:894 vert:253
2026-05-18 17:38:39 [DETECT] DEBUG : Luminosités → rouge:252 orange:1523 vert:358
2026-05-18 17:38:39 [DETECT] DEBUG : Luminosités → rouge:207 orange:2552 vert:608
2026-05-18 17:38:39 [DETECT] DEBUG : Luminosités → rouge:2483 orange:1145 vert:329
2026-05-18 17:38:39 [DETECT] DEBUG : Luminosités → rouge:208 orange:2607 vert:554
2026-05-18 17:38:39 [DETECT] DEBUG : Luminosités → rouge:2547 orange:1158 vert:397
2026-05-18 17:38:40 [DETECT] DEBUG : Luminosités → rouge:1490 orange:894 vert:253
2026-05-18 17:38:40 [DETECT] DEBUG : Luminosités → rouge:252 orange:1523 vert:358
2026-05-18 17:38:40 [DETECT] DEBUG : Luminosités → rouge:205 orange:2569 vert:617
2026-05-18 17:38:40 [DETECT] DEBUG : Luminosités → rouge:2483 orange:1145 vert:328
2026-05-18 17:38:41 [DETECT] DEBUG : Luminosités → rouge:208 orange:2556 vert:605
2026-05-18 17:38:41 [DETECT] DEBUG : Luminosités → rouge:2547 orange:1159 vert:397
2026-05-18 17:38:41 [DETECT] DEBUG : Luminosités → rouge:1533 orange:950 vert:260
2026-05-18 17:38:41 [DETECT] DEBUG : Luminosités → rouge:254 orange:1485 vert:395
2026-05-18 17:38:41 [DETECT] DEBUG : Luminosités → rouge:205 orange:2552 vert:608
2026-05-18 17:38:41 [DETECT] DEBUG : Luminosités → rouge:2483 orange:1145 vert:328
2026-05-18 17:38:42 [DETECT] DEBUG : Luminosités → rouge:207 orange:2607 vert:554
2026-05-18 17:38:42 [DETECT] DEBUG : Luminosités → rouge:2547 orange:1159 vert:397
2026-05-18 17:38:42 [DETECT] DEBUG : Luminosités → rouge:1533 orange:950 vert:260
2026-05-18 17:38:42 [DETECT] DEBUG : Luminosités → rouge:253 orange:1485 vert:395
2026-05-18 17:38:43 [DETECT] DEBUG : Luminosités → rouge:204 orange:2603 vert:556
2026-05-18 17:38:43 [DETECT] DEBUG : Luminosités → rouge:2542 orange:1148 vert:394
2026-05-18 17:38:43 [DETECT] DEBUG : Luminosités → rouge:207 orange:2624 vert:562
2026-05-18 17:38:43 [DETECT] DEBUG : Luminosités → rouge:2547 orange:1159 vert:397
2026-05-18 17:38:43 [DETECT] DEBUG : Luminosités → rouge:1533 orange:950 vert:260
2026-05-18 17:38:43 [DETECT] DEBUG : Luminosités → rouge:253 orange:1485 vert:395
2026-05-18 17:38:44 [DETECT] DEBUG : Luminosités → rouge:204 orange:2603 vert:556
2026-05-18 17:38:44 [DETECT] DEBUG : Luminosités → rouge:2542 orange:1148 vert:394
2026-05-18 17:38:44 [DETECT] DEBUG : Luminosités → rouge:209 orange:2604 vert:550
2026-05-18 17:38:44 [DETECT] DEBUG : Luminosités → rouge:2496 orange:1143 vert:325
2026-05-18 17:38:45 [DETECT] DEBUG : Luminosités → rouge:1533 orange:959 vert:262
2026-05-18 17:38:45 [DETECT] DEBUG : Luminosités → rouge:253 orange:1442 vert:429
2026-05-18 17:38:45 [DETECT] DEBUG : Luminosités → rouge:204 orange:2603 vert:556
2026-05-18 17:38:45 [DETECT] DEBUG : Luminosités → rouge:2542 orange:1148 vert:394
2026-05-18 17:38:45 [DETECT] DEBUG : Luminosités → rouge:209 orange:2604 vert:550
2026-05-18 17:38:45 [DETECT] DEBUG : Luminosités → rouge:2495 orange:1144 vert:325
2026-05-18 17:38:46 [DETECT] DEBUG : Luminosités → rouge:1533 orange:959 vert:262
2026-05-18 17:38:46 [DETECT] DEBUG : Luminosités → rouge:253 orange:1442 vert:429
2026-05-18 17:38:46 [DETECT] DEBUG : Luminosités → rouge:204 orange:2603 vert:556
2026-05-18 17:38:46 [DETECT] DEBUG : Luminosités → rouge:2542 orange:1148 vert:394
2026-05-18 17:38:46 [DETECT] DEBUG : Luminosités → rouge:209 orange:2604 vert:550
2026-05-18 17:38:46 [DETECT] DEBUG : Luminosités → rouge:2495 orange:1144 vert:324
2026-05-18 17:38:47 [DETECT] DEBUG : Luminosités → rouge:1533 orange:959 vert:262
2026-05-18 17:38:47 [DETECT] DEBUG : Luminosités → rouge:253 orange:1442 vert:429
2026-05-18 17:38:47 [DETECT] DEBUG : Luminosités → rouge:211 orange:2606 vert:555
2026-05-18 17:38:47 [DETECT] DEBUG : Luminosités → rouge:2543 orange:1154 vert:340
2026-05-18 17:38:48 [DETECT] DEBUG : Luminosités → rouge:215 orange:2617 vert:626
2026-05-18 17:38:48 [DETECT] DEBUG : Luminosités → rouge:2489 orange:1156 vert:326
2026-05-18 17:38:48 [DETECT] DEBUG : Luminosités → rouge:1533 orange:959 vert:262
2026-05-18 17:38:48 [DETECT] DEBUG : Luminosités → rouge:253 orange:1518 vert:358
2026-05-18 17:38:48 [DETECT] DEBUG : Luminosités → rouge:211 orange:2606 vert:555
2026-05-18 17:38:48 [DETECT] DEBUG : Luminosités → rouge:2543 orange:1154 vert:340
2026-05-18 17:38:49 [DETECT] DEBUG : Luminosités → rouge:214 orange:2617 vert:627
2026-05-18 17:38:49 [DETECT] DEBUG : Luminosités → rouge:2488 orange:1156 vert:326
2026-05-18 17:38:49 [DETECT] DEBUG : Luminosités → rouge:1492 orange:897 vert:255
2026-05-18 17:38:49 [DETECT] DEBUG : Luminosités → rouge:255 orange:1480 vert:397
2026-05-18 17:38:50 [DETECT] DEBUG : Luminosités → rouge:211 orange:2606 vert:555
2026-05-18 17:38:50 [DETECT] DEBUG : Luminosités → rouge:2543 orange:1154 vert:340
2026-05-18 17:38:50 [DETECT] DEBUG : Luminosités → rouge:214 orange:2617 vert:627
2026-05-18 17:38:50 [DETECT] DEBUG : Luminosités → rouge:2488 orange:1156 vert:326
2026-05-18 17:38:50 [DETECT] DEBUG : Luminosités → rouge:1492 orange:897 vert:255
2026-05-18 17:38:50 [DETECT] DEBUG : Luminosités → rouge:255 orange:1480 vert:397
2026-05-18 17:38:51 [DETECT] DEBUG : Luminosités → rouge:211 orange:2607 vert:559
2026-05-18 17:38:51 [DETECT] DEBUG : Luminosités → rouge:2550 orange:1160 vert:332
2026-05-18 17:38:51 [DETECT] DEBUG : Luminosités → rouge:207 orange:2568 vert:613
2026-05-18 17:38:51 [DETECT] DEBUG : Luminosités → rouge:2488 orange:1155 vert:327
2026-05-18 17:38:51 [DETECT] DEBUG : Luminosités → rouge:1492 orange:897 vert:255
2026-05-18 17:38:51 [DETECT] DEBUG : Luminosités → rouge:255 orange:1480 vert:397
2026-05-18 17:38:52 [DETECT] DEBUG : Luminosités → rouge:211 orange:2556 vert:610
2026-05-18 17:38:52 [DETECT] DEBUG : Luminosités → rouge:2550 orange:1160 vert:331
2026-05-18 17:38:52 [DETECT] DEBUG : Luminosités → rouge:220 orange:2603 vert:622
2026-05-18 17:38:52 [DETECT] DEBUG : Luminosités → rouge:2488 orange:1159 vert:325
2026-05-18 17:38:53 [DETECT] DEBUG : Luminosités → rouge:1489 orange:903 vert:254
2026-05-18 17:38:53 [DETECT] DEBUG : Luminosités → rouge:254 orange:1518 vert:357
2026-05-18 17:38:53 [DETECT] DEBUG : Luminosités → rouge:211 orange:2607 vert:559
2026-05-18 17:38:53 [DETECT] DEBUG : Luminosités → rouge:2550 orange:1160 vert:331
2026-05-18 17:38:53 [DETECT] DEBUG : Luminosités → rouge:220 orange:2619 vert:631
2026-05-18 17:38:53 [DETECT] DEBUG : Luminosités → rouge:2488 orange:1161 vert:325
2026-05-18 17:38:54 [DETECT] DEBUG : Luminosités → rouge:1489 orange:903 vert:254
2026-05-18 17:38:54 [DETECT] DEBUG : Luminosités → rouge:254 orange:1518 vert:357
2026-05-18 17:38:54 [DETECT] DEBUG : Luminosités → rouge:211 orange:2556 vert:610
2026-05-18 17:38:54 [DETECT] DEBUG : Luminosités → rouge:2550 orange:1160 vert:331
2026-05-18 17:38:55 [DETECT] DEBUG : Luminosités → rouge:220 orange:2619 vert:631
2026-05-18 17:38:55 [DETECT] DEBUG : Luminosités → rouge:2488 orange:1160 vert:325
2026-05-18 17:38:55 [DETECT] DEBUG : Luminosités → rouge:1489 orange:903 vert:254
2026-05-18 17:38:55 [DETECT] DEBUG : Luminosités → rouge:254 orange:1518 vert:357
2026-05-18 17:38:55 [DETECT] DEBUG : Luminosités → rouge:222 orange:2659 vert:564
2026-05-18 17:38:55 [DETECT] DEBUG : Luminosités → rouge:2546 orange:1161 vert:335
2026-05-18 17:38:56 [DETECT] DEBUG : Luminosités → rouge:209 orange:2553 vert:608
2026-05-18 17:38:56 [DETECT] DEBUG : Luminosités → rouge:2492 orange:1159 vert:335
2026-05-18 17:38:56 [DETECT] DEBUG : Luminosités → rouge:1489 orange:903 vert:254
2026-05-18 17:38:56 [DETECT] DEBUG : Luminosités → rouge:254 orange:1518 vert:357
2026-05-18 17:38:57 [DETECT] DEBUG : Luminosités → rouge:222 orange:2659 vert:564
2026-05-18 17:38:57 [DETECT] DEBUG : Luminosités → rouge:2546 orange:1161 vert:336
2026-05-18 17:38:57 [DETECT] DEBUG : Luminosités → rouge:209 orange:2553 vert:603
2026-05-18 17:38:57 [DETECT] DEBUG : Luminosités → rouge:2492 orange:1158 vert:335
2026-05-18 17:38:57 [DETECT] DEBUG : Luminosités → rouge:1489 orange:899 vert:253
2026-05-18 17:38:57 [DETECT] DEBUG : Luminosités → rouge:252 orange:1480 vert:397
2026-05-18 17:38:58 [DETECT] DEBUG : Luminosités → rouge:222 orange:2659 vert:564
2026-05-18 17:38:58 [DETECT] DEBUG : Luminosités → rouge:2546 orange:1161 vert:336
2026-05-18 17:38:58 [DETECT] DEBUG : Luminosités → rouge:209 orange:2553 vert:603
2026-05-18 17:38:58 [DETECT] DEBUG : Luminosités → rouge:2492 orange:1155 vert:333
2026-05-18 17:38:59 [DETECT] DEBUG : Luminosités → rouge:1489 orange:899 vert:252
2026-05-18 17:38:59 [DETECT] DEBUG : Luminosités → rouge:252 orange:1480 vert:397
2026-05-18 17:38:59 [DETECT] DEBUG : Luminosités → rouge:301 orange:3090 vert:587
2026-05-18 17:38:59 [DETECT] DEBUG : Luminosités → rouge:2544 orange:1164 vert:337
2026-05-18 17:38:59 [DETECT] DEBUG : Luminosités → rouge:210 orange:2553 vert:606
2026-05-18 17:38:59 [DETECT] DEBUG : Luminosités → rouge:2487 orange:1145 vert:331
2026-05-18 17:39:00 [DETECT] DEBUG : Luminosités → rouge:1489 orange:899 vert:252
2026-05-18 17:39:00 [DETECT] DEBUG : Luminosités → rouge:252 orange:1480 vert:397
2026-05-18 17:39:00 [DETECT] DEBUG : Luminosités → rouge:208 orange:2606 vert:559
2026-05-18 17:39:00 [DETECT] DEBUG : Luminosités → rouge:2544 orange:1164 vert:337
2026-05-18 17:39:01 [DETECT] DEBUG : Luminosités → rouge:210 orange:2553 vert:606
2026-05-18 17:39:01 [DETECT] DEBUG : Luminosités → rouge:2487 orange:1145 vert:331
2026-05-18 17:39:01 [DETECT] DEBUG : Luminosités → rouge:1532 orange:949 vert:258
2026-05-18 17:39:01 [DETECT] DEBUG : Luminosités → rouge:252 orange:1520 vert:357
2026-05-18 17:39:01 [DETECT] DEBUG : Luminosités → rouge:208 orange:2606 vert:559
2026-05-18 17:39:01 [DETECT] DEBUG : Luminosités → rouge:2544 orange:1164 vert:338
2026-05-18 17:39:02 [DETECT] DEBUG : Luminosités → rouge:210 orange:2553 vert:606
2026-05-18 17:39:02 [DETECT] DEBUG : Luminosités → rouge:2487 orange:1145 vert:331
2026-05-18 17:39:02 [DETECT] DEBUG : Luminosités → rouge:1532 orange:953 vert:258
2026-05-18 17:39:02 [DETECT] DEBUG : Luminosités → rouge:252 orange:1520 vert:357
2026-05-18 17:39:03 [DETECT] DEBUG : Luminosités → rouge:301 orange:3090 vert:587
2026-05-18 17:39:03 [DETECT] DEBUG : Luminosités → rouge:2544 orange:1164 vert:338
2026-05-18 17:39:03 [DETECT] DEBUG : Luminosités → rouge:210 orange:2553 vert:607
2026-05-18 17:39:03 [DETECT] DEBUG : Luminosités → rouge:2487 orange:1145 vert:330
2026-05-18 17:39:03 [DETECT] DEBUG : Luminosités → rouge:1532 orange:953 vert:258
2026-05-18 17:39:03 [DETECT] DEBUG : Luminosités → rouge:252 orange:1520 vert:357
2026-05-18 17:39:04 [DETECT] DEBUG : Luminosités → rouge:224 orange:2623 vert:631
2026-05-18 17:39:04 [DETECT] DEBUG : Luminosités → rouge:2543 orange:1158 vert:337
2026-05-18 17:39:04 [DETECT] DEBUG : Luminosités → rouge:210 orange:2659 vert:570
2026-05-18 17:39:04 [DETECT] DEBUG : Luminosités → rouge:2495 orange:1152 vert:328
2026-05-18 17:39:05 [DETECT] DEBUG : Luminosités → rouge:1532 orange:953 vert:258
2026-05-18 17:39:05 [DETECT] DEBUG : Luminosités → rouge:252 orange:1520 vert:357
2026-05-18 17:39:05 [DETECT] DEBUG : Luminosités → rouge:224 orange:2623 vert:631
2026-05-18 17:39:05 [DETECT] DEBUG : Luminosités → rouge:2543 orange:1160 vert:337
2026-05-18 17:39:05 [DETECT] DEBUG : Luminosités → rouge:218 orange:2659 vert:570
2026-05-18 17:39:05 [DETECT] DEBUG : Luminosités → rouge:2495 orange:1150 vert:328
2026-05-18 17:39:06 [DETECT] DEBUG : Luminosités → rouge:1518 orange:945 vert:262
2026-05-18 17:39:06 [DETECT] DEBUG : Luminosités → rouge:252 orange:1520 vert:357
2026-05-18 17:39:06 [DETECT] DEBUG : Luminosités → rouge:224 orange:2623 vert:631
2026-05-18 17:39:06 [DETECT] DEBUG : Luminosités → rouge:2543 orange:1160 vert:337
2026-05-18 17:39:06 [DETECT] DEBUG : Luminosités → rouge:218 orange:2659 vert:570
2026-05-18 17:39:06 [DETECT] DEBUG : Luminosités → rouge:2495 orange:1150 vert:329
2026-05-18 17:39:07 [DETECT] DEBUG : Luminosités → rouge:1518 orange:945 vert:261
2026-05-18 17:39:07 [DETECT] DEBUG : Luminosités → rouge:252 orange:1520 vert:357
2026-05-18 17:39:07 [DETECT] DEBUG : Luminosités → rouge:306 orange:3144 vert:518
2026-05-18 17:39:07 [DETECT] DEBUG : Luminosités → rouge:2539 orange:1175 vert:396
2026-05-18 17:39:08 [DETECT] DEBUG : Luminosités → rouge:210 orange:2602 vert:560
2026-05-18 17:39:08 [DETECT] DEBUG : Luminosités → rouge:2588 orange:1160 vert:345
2026-05-18 17:39:08 [DETECT] DEBUG : Luminosités → rouge:1518 orange:945 vert:261
2026-05-18 17:39:08 [DETECT] DEBUG : Luminosités → rouge:252 orange:1520 vert:357
2026-05-18 17:39:08 [DETECT] DEBUG : Luminosités → rouge:306 orange:3144 vert:518
2026-05-18 17:39:08 [DETECT] DEBUG : Luminosités → rouge:2539 orange:1175 vert:396
2026-05-18 17:39:09 [DETECT] DEBUG : Luminosités → rouge:210 orange:2602 vert:560
2026-05-18 17:39:09 [DETECT] DEBUG : Luminosités → rouge:2540 orange:1159 vert:394
2026-05-18 17:39:09 [DETECT] DEBUG : Luminosités → rouge:1515 orange:942 vert:263
2026-05-18 17:39:09 [DETECT] DEBUG : Luminosités → rouge:253 orange:1484 vert:397
2026-05-18 17:39:10 [DETECT] DEBUG : Luminosités → rouge:306 orange:3144 vert:518
2026-05-18 17:39:10 [DETECT] DEBUG : Luminosités → rouge:2540 orange:1175 vert:396
2026-05-18 17:39:10 [DETECT] DEBUG : Luminosités → rouge:210 orange:2602 vert:560
2026-05-18 17:39:10 [DETECT] DEBUG : Luminosités → rouge:2540 orange:1159 vert:394
2026-05-18 17:39:10 [DETECT] DEBUG : Luminosités → rouge:1515 orange:942 vert:263
2026-05-18 17:39:10 [DETECT] DEBUG : Luminosités → rouge:253 orange:1484 vert:397
2026-05-18 17:39:11 [DETECT] DEBUG : Luminosités → rouge:219 orange:2671 vert:576
2026-05-18 17:39:11 [DETECT] DEBUG : Luminosités → rouge:2546 orange:1154 vert:339
2026-05-18 17:39:11 [DETECT] DEBUG : Luminosités → rouge:210 orange:2602 vert:560
2026-05-18 17:39:11 [DETECT] DEBUG : Luminosités → rouge:2542 orange:1159 vert:394
2026-05-18 17:39:11 [DETECT] DEBUG : Luminosités → rouge:1515 orange:942 vert:263
2026-05-18 17:39:11 [DETECT] DEBUG : Luminosités → rouge:253 orange:1484 vert:397
2026-05-18 17:39:12 [DETECT] DEBUG : Luminosités → rouge:219 orange:2671 vert:576
2026-05-18 17:39:12 [DETECT] DEBUG : Luminosités → rouge:2546 orange:1156 vert:339
2026-05-18 17:39:12 [DETECT] DEBUG : Luminosités → rouge:202 orange:2617 vert:633
2026-05-18 17:39:12 [DETECT] DEBUG : Luminosités → rouge:2484 orange:1144 vert:390
2026-05-18 17:39:13 [DETECT] DEBUG : Luminosités → rouge:1515 orange:942 vert:263
2026-05-18 17:39:13 [DETECT] DEBUG : Luminosités → rouge:253 orange:1484 vert:397
2026-05-18 17:39:13 [DETECT] DEBUG : Luminosités → rouge:219 orange:2671 vert:576
2026-05-18 17:39:13 [DETECT] DEBUG : Luminosités → rouge:2546 orange:1156 vert:339
2026-05-18 17:39:13 [DETECT] DEBUG : Luminosités → rouge:202 orange:2617 vert:633
2026-05-18 17:39:13 [DETECT] DEBUG : Luminosités → rouge:2484 orange:1144 vert:325
2026-05-18 17:39:14 [DETECT] DEBUG : Luminosités → rouge:1531 orange:942 vert:260
2026-05-18 17:39:14 [DETECT] DEBUG : Luminosités → rouge:254 orange:1483 vert:395
2026-05-18 17:39:14 [DETECT] DEBUG : Luminosités → rouge:219 orange:2671 vert:576
2026-05-18 17:39:14 [DETECT] DEBUG : Luminosités → rouge:2546 orange:1156 vert:339
2026-05-18 17:39:15 [DETECT] DEBUG : Luminosités → rouge:208 orange:2654 vert:572
2026-05-18 17:39:15 [DETECT] DEBUG : Luminosités → rouge:2484 orange:1144 vert:325
2026-05-18 17:39:15 [DETECT] DEBUG : Luminosités → rouge:1531 orange:942 vert:260
2026-05-18 17:39:15 [DETECT] DEBUG : Luminosités → rouge:254 orange:1521 vert:380
2026-05-18 17:39:15 [DETECT] DEBUG : Luminosités → rouge:300 orange:3091 vert:578
2026-05-18 17:39:15 [DETECT] DEBUG : Luminosités → rouge:2547 orange:1159 vert:397
2026-05-18 17:39:16 [DETECT] DEBUG : Luminosités → rouge:212 orange:2619 vert:624
2026-05-18 17:39:16 [DETECT] DEBUG : Luminosités → rouge:2441 orange:1157 vert:368
2026-05-18 17:39:16 [DETECT] DEBUG : Luminosités → rouge:1531 orange:942 vert:260
2026-05-18 17:39:16 [DETECT] DEBUG : Luminosités → rouge:254 orange:1483 vert:395
2026-05-18 17:39:16 [DETECT] DEBUG : Luminosités → rouge:299 orange:3091 vert:578
2026-05-18 17:39:16 [DETECT] DEBUG : Luminosités → rouge:2547 orange:1159 vert:397
2026-05-18 17:39:17 [DETECT] DEBUG : Luminosités → rouge:213 orange:2618 vert:630
2026-05-18 17:39:17 [DETECT] DEBUG : Luminosités → rouge:2489 orange:1157 vert:323
